     1                                      BOOT_LOAD       equ     0x7C00
     2                                  
     3                                  ipl:
     4 00000000 FA                          cli
     5                                      
     6 00000001 B80000                      mov     ax, 0x0000
     7 00000004 8ED8                        mov     ds, ax
     8 00000006 8EC0                        mov     es, ax
     9 00000008 8ED0                        mov     ss, ax
    10 0000000A BC007C                      mov     sp, BOOT_LOAD
    11                                  
    12 0000000D FB                          sti
    13                                  
    14 0000000E 8816[1400]                  mov     [BOOT.DRIVE], dl
    15                                  
    16 00000012 EBFE                        jmp     $
    17                                  
    18                                  ALIGN 2, db 0
    19                                  BOOT:
    20 00000014 0000                    .DRIVE:     dw 0
    21                                  
    22 00000016 00<rept>                    times   510 - ($ - $$) db 0x00
    23 000001FE 55AA                        db      0x55, 0xAA
