     1                                  %include    "../include/define.s"
     1                              <1>         BOOT_LOAD           equ     0x7C00
     2                              <1> 
     3                              <1>         BOOT_SIZE           equ     (1024 * 8)
     4                              <1>         SECT_SIZE           equ     (512)
     5                              <1>         BOOT_SECT           equ     (BOOT_SIZE / SECT_SIZE)
     6                              <1>         BOOT_END            equ     (BOOT_LOAD + BOOT_SIZE)
     7                              <1> 
     8                              <1>         E820_RECORD_SIZE    equ     20
     9                              <1> 
    10                              <1>         KERNEL_LOAD         equ     0x0010_1000
    11                              <1> 
    12                              <1>         KERNEL_SIZE         equ     (1024 * 8)
    13                              <1>         KERNEL_SECT         equ     (KERNEL_SIZE / SECT_SIZE)
     2                                  %include    "../include/macro.s"
     1                              <1> %macro  cdecl 1-*.nolist
     2                              <1> 
     3                              <1>     %rep  %0 -1
     4                              <1>         push    %{-1:-1}
     5                              <1>         %rotate -1
     6                              <1>     %endrep
     7                              <1>     %rotate -1
     8                              <1> 
     9                              <1>         call    %1
    10                              <1> 
    11                              <1>     %if  1 < %0
    12                              <1>         add     sp, (__BITS__ >> 3) * (%0 - 1)
    13                              <1>     %endif
    14                              <1> 
    15                              <1> %endmacro
    16                              <1> 
    17                              <1> struc drive
    18 00000000 <res 00000002>      <1>         .no     resw    1
    19 00000002 <res 00000002>      <1>         .cyln   resw    1
    20 00000004 <res 00000002>      <1>         .head   resw    1
    21 00000006 <res 00000002>      <1>         .sect   resw    1
    22                              <1> endstruc
     3                                  
     4                                          ORG     KERNEL_LOAD
     5                                  
     6                                  [BITS 32]
     7                                  
     8                                  kernel:
     9                                  
    10 00000000 BE007E0000                      mov     esi, BOOT_LOAD + SECT_SIZE
    11 00000005 0FB706                          movzx   eax, word [esi + 0]
    12 00000008 0FB75E02                        movzx   ebx, word [esi + 2]
    13 0000000C C1E004                          shl     eax, 4
    14 0000000F 01D8                            add     eax, ebx
    15 00000011 A3[90000000]                    mov     [FONT_ADR], eax
    16                                  
    17 00000016 6A0D6A3FE8F0010000-             cdecl   draw_font, 63, 13
    17 0000001F 6683C408           
    18 00000023 6A046A3FE871020000-             cdecl   draw_color_bar, 63, 4
    18 0000002C 6683C408           
    19 00000030 68[7E000000]680F01-             cdecl   draw_str, 25, 14, 0x010F, .s0
    19 00000038 00006A0E6A19E81102-
    19 00000041 00006683C410       
    20                                  
    21 00000047 6844332211                      push    0x11223344
    22 0000004C 9C                              pushf
    23 0000004D 9A[55060000]0800                call    0x0008:int_default
    24                                  
    25                                  .10L:
    26                                  
    27 00000054 68[94000000]E81F05-             cdecl   rtc_get_time, RTC_TIME
    27 0000005C 00006683C404       
    28 00000062 FF35[94000000]6800-             cdecl   draw_time, 72, 0, 0x0700, dword [RTC_TIME]
    28 0000006A 0700006A006A48E848-
    28 00000073 0500006683C410     
    29 0000007A EBD8                            jmp     .10L
    30                                  
    31 0000007C EBFE                            jmp     $
    32                                  
    33 0000007E 2048656C6C6F2C206B-     .s0 	db	" Hello, kernel! ", 0
    33 00000087 65726E656C212000   
    34                                  
    35 0000008F 00                      ALIGN 4, db 0
    36 00000090 00000000                FONT_ADR:   dd 0
    37 00000094 00000000                RTC_TIME:   dd 0
    38                                  
    39                                  %include    "../modules/protect/vga.s"
     1                              <1> vga_set_read_plane:
     2                              <1> 
     3 00000098 55                  <1>         push    ebp
     4 00000099 89E5                <1>         mov     ebp, esp
     5                              <1> 
     6 0000009B 50                  <1>         push    eax
     7 0000009C 52                  <1>         push    edx
     8                              <1> 
     9 0000009D 8A6508              <1>         mov     ah, [ebp + 8]
    10 000000A0 80E403              <1>         and     ah, 0x03
    11 000000A3 B004                <1>         mov     al, 0x04
    12 000000A5 66BACE03            <1>         mov     dx, 0x03CE
    13 000000A9 66EF                <1>         out     dx, ax
    14                              <1> 
    15 000000AB 5A                  <1>         pop     edx
    16 000000AC 58                  <1>         pop     eax
    17                              <1> 
    18 000000AD 89EC                <1>         mov     esp, ebp
    19 000000AF 5D                  <1>         pop     ebp
    20                              <1> 
    21 000000B0 C3                  <1>         ret
    22                              <1> 
    23                              <1> 
    24                              <1> vga_set_write_plane:
    25                              <1> 
    26 000000B1 55                  <1>          push    ebp
    27 000000B2 89E5                <1>          mov     ebp, esp
    28                              <1>  
    29 000000B4 50                  <1>          push    eax
    30 000000B5 52                  <1>          push    edx
    31                              <1>  
    32 000000B6 8A6508              <1>          mov     ah, [ebp + 8]
    33 000000B9 80E40F              <1>          and     ah, 0x0F
    34 000000BC B002                <1>          mov     al, 0x02
    35 000000BE 66BAC403            <1>          mov     dx, 0x03C4
    36 000000C2 66EF                <1>          out     dx, ax
    37                              <1>  
    38 000000C4 5A                  <1>          pop     edx
    39 000000C5 58                  <1>          pop     eax
    40                              <1>  
    41 000000C6 89EC                <1>          mov     esp, ebp
    42 000000C8 5D                  <1>          pop     ebp
    43                              <1>  
    44 000000C9 C3                  <1>          ret
    45                              <1> 
    46                              <1> 
    47                              <1> vram_font_copy:
    48                              <1> 
    49 000000CA 55                  <1>         push    ebp
    50 000000CB 89E5                <1>         mov     ebp, esp
    51                              <1> 
    52 000000CD 50                  <1>         push    eax
    53 000000CE 53                  <1>         push    ebx
    54 000000CF 51                  <1>         push    ecx
    55 000000D0 52                  <1>         push    edx
    56 000000D1 56                  <1>         push    esi
    57 000000D2 57                  <1>         push    edi
    58                              <1> 
    59 000000D3 8B7508              <1>         mov     esi, [ebp + 8]
    60 000000D6 8B7D0C              <1>         mov     edi, [ebp + 12]
    61 000000D9 0FB64510            <1>         movzx   eax, byte [ebp + 16]
    62 000000DD 0FB75D14            <1>         movzx   ebx, word [ebp + 20]
    63                              <1> 
    64 000000E1 84C7                <1>         test    bh, al
    65 000000E3 0F94C6              <1>         setz    dh
    66 000000E6 FECE                <1>         dec     dh
    67                              <1> 
    68 000000E8 84C3                <1>         test    bl, al
    69 000000EA 0F94C2              <1>         setz    dl
    70 000000ED FECA                <1>         dec     dl
    71                              <1> 
    72 000000EF FC                  <1>         cld
    73                              <1> 
    74 000000F0 B910000000          <1>         mov     ecx, 16
    75                              <1> .10L:
    76                              <1> 
    77 000000F5 AC                  <1>         lodsb
    78 000000F6 88C4                <1>         mov     ah, al
    79 000000F8 F6D4                <1>         not     ah
    80                              <1> 
    81 000000FA 20D0                <1>         and     al, dl
    82                              <1> 
    83 000000FC F7C310000000        <1>         test    ebx, 0x0010
    84 00000102 7404                <1>         jz      .11F
    85 00000104 2227                <1>         and     ah, [edi]
    86 00000106 EB02                <1>         jmp     .11E
    87                              <1> .11F:
    88                              <1> 
    89 00000108 20F4                <1>         and     ah, dh
    90                              <1> .11E:
    91                              <1> 
    92 0000010A 08E0                <1>         or      al, ah
    93                              <1> 
    94 0000010C 8807                <1>         mov     [edi], al
    95                              <1> 
    96 0000010E 83C750              <1>         add     edi, 80
    97 00000111 E2E2                <1>         loop    .10L
    98                              <1> .10E:
    99                              <1> 
   100 00000113 5F                  <1>         pop     edi
   101 00000114 5E                  <1>         pop     esi
   102 00000115 5A                  <1>         pop     edx
   103 00000116 59                  <1>         pop     ecx
   104 00000117 5B                  <1>         pop     ebx
   105 00000118 58                  <1>         pop     eax
   106                              <1> 
   107 00000119 89EC                <1>         mov     esp, ebp
   108 0000011B 5D                  <1>         pop     ebp
   109                              <1> 
   110 0000011C C3                  <1>         ret
   111                              <1> 
   112                              <1> 
   113                              <1> 
   114                              <1> vram_bit_copy:
   115                              <1> 
   116 0000011D 55                  <1>         push    ebp
   117 0000011E 89E5                <1>         mov     ebp, esp
   118                              <1> 
   119 00000120 50                  <1>         push    eax
   120 00000121 53                  <1>         push    ebx
   121 00000122 57                  <1>         push    edi
   122                              <1> 
   123 00000123 8B7D0C              <1>         mov     edi, [ebp + 12]
   124 00000126 0FB64510            <1>         movzx   eax, byte [ebp + 16]
   125 0000012A 0FB75D14            <1>         movzx   ebx, word [ebp + 20]
   126                              <1> 
   127 0000012E 84C3                <1>         test    bl, al
   128 00000130 0F94C3              <1>         setz    bl
   129 00000133 FECB                <1>         dec     bl
   130                              <1> 
   131 00000135 8A4508              <1>         mov     al, [ebp + 8]
   132 00000138 88C4                <1>         mov     ah, al
   133 0000013A F6D4                <1>         not     ah
   134                              <1> 
   135 0000013C 2227                <1>         and     ah, [edi]
   136 0000013E 20D8                <1>         and     al, bl
   137 00000140 08E0                <1>         or      al, ah
   138                              <1> 
   139 00000142 8807                <1>         mov     [edi], al
   140                              <1> 
   141 00000144 5F                  <1>         pop     edi
   142 00000145 5B                  <1>         pop     ebx
   143 00000146 58                  <1>         pop     eax
   144                              <1> 
   145 00000147 89EC                <1>         mov     esp, ebp
   146 00000149 5D                  <1>         pop     ebp
   147                              <1> 
   148 0000014A C3                  <1>         ret
    40                                  %include    "../modules/protect/draw_char.s"
     1                              <1> draw_char:
     2                              <1> 
     3 0000014B 55                  <1>         push    ebp
     4 0000014C 89E5                <1>         mov     ebp, esp
     5                              <1> 
     6 0000014E 50                  <1>         push    eax
     7 0000014F 53                  <1>         push    ebx
     8 00000150 51                  <1>         push    ecx
     9 00000151 52                  <1>         push    edx
    10 00000152 56                  <1>         push    esi
    11 00000153 57                  <1>         push    edi
    12                              <1> 
    13 00000154 0FB67514            <1>         movzx   esi, byte [ebp + 20]
    14 00000158 C1E604              <1>         shl     esi, 4
    15 0000015B 0335[90000000]      <1>         add     esi, [FONT_ADR]
    16                              <1> 
    17 00000161 8B7D0C              <1>         mov     edi, [ebp + 12]
    18 00000164 C1E708              <1>         shl     edi, 8
    19 00000167 8DBCBF00000A00      <1>         lea     edi, [edi * 4 + edi + 0xA0000]
    20 0000016E 037D08              <1>         add     edi, [ebp + 8]
    21                              <1> 
    22 00000171 0FB75D10            <1>         movzx   ebx, word [ebp + 16]
    23                              <1> 
    24 00000175 6A03E81CFFFFFF6683- <1>         cdecl   vga_set_read_plane, 0x03
    24 0000017E C404                <1>
    25 00000180 6A08E82AFFFFFF6683- <1>         cdecl   vga_set_write_plane, 0x08
    25 00000189 C404                <1>
    26 0000018B 536A085756E835FFFF- <1>         cdecl   vram_font_copy, esi, edi, 0x08, ebx
    26 00000194 FF6683C410          <1>
    27                              <1> 
    28 00000199 6A02E8F8FEFFFF6683- <1>         cdecl   vga_set_read_plane, 0x02
    28 000001A2 C404                <1>
    29 000001A4 6A04E806FFFFFF6683- <1>         cdecl   vga_set_write_plane, 0x04
    29 000001AD C404                <1>
    30 000001AF 536A045756E811FFFF- <1>         cdecl   vram_font_copy, esi, edi, 0x04, ebx
    30 000001B8 FF6683C410          <1>
    31                              <1> 
    32 000001BD 6A01E8D4FEFFFF6683- <1>         cdecl   vga_set_read_plane, 0x01
    32 000001C6 C404                <1>
    33 000001C8 6A02E8E2FEFFFF6683- <1>         cdecl   vga_set_write_plane, 0x02
    33 000001D1 C404                <1>
    34 000001D3 536A025756E8EDFEFF- <1>         cdecl   vram_font_copy, esi, edi, 0x02, ebx
    34 000001DC FF6683C410          <1>
    35                              <1> 
    36 000001E1 6A00E8B0FEFFFF6683- <1>         cdecl   vga_set_read_plane, 0x00
    36 000001EA C404                <1>
    37 000001EC 6A01E8BEFEFFFF6683- <1>         cdecl   vga_set_write_plane, 0x01
    37 000001F5 C404                <1>
    38 000001F7 536A015756E8C9FEFF- <1>         cdecl   vram_font_copy, esi, edi, 0x01, ebx
    38 00000200 FF6683C410          <1>
    39                              <1> 
    40 00000205 5F                  <1>         pop     edi
    41 00000206 5E                  <1>         pop     esi
    42 00000207 5A                  <1>         pop     edx
    43 00000208 59                  <1>         pop     ecx
    44 00000209 5B                  <1>         pop     ebx
    45 0000020A 58                  <1>         pop     eax
    46                              <1> 
    47 0000020B 89EC                <1>         mov     esp, ebp
    48 0000020D 5D                  <1>         pop     ebp
    49                              <1> 
    50 0000020E C3                  <1>         ret
    41                                  %include    "../modules/protect/draw_font.s"
     1                              <1> draw_font:
     2                              <1> 
     3 0000020F 55                  <1>         push    ebp
     4 00000210 89E5                <1>         mov     ebp, esp
     5                              <1> 
     6 00000212 50                  <1>         push    eax
     7 00000213 53                  <1>         push    ebx
     8 00000214 51                  <1>         push    ecx
     9 00000215 52                  <1>         push    edx
    10 00000216 56                  <1>         push    esi
    11 00000217 57                  <1>         push    edi
    12                              <1> 
    13 00000218 8B7508              <1>         mov     esi, [ebp + 8]
    14 0000021B 8B7D0C              <1>         mov     edi, [ebp + 12]
    15                              <1> 
    16 0000021E B900000000          <1>         mov     ecx, 0
    17 00000223 81F900010000        <1> .10L:   cmp     ecx, 256
    18 00000229 731F                <1>         jae     .10E
    19                              <1> 
    20 0000022B 89C8                <1>         mov     eax, ecx
    21 0000022D 83E00F              <1>         and     eax, 0x0F
    22 00000230 01F0                <1>         add     eax, esi
    23                              <1> 
    24 00000232 89CB                <1>         mov     ebx, ecx
    25 00000234 C1EB04              <1>         shr     ebx, 4
    26 00000237 01FB                <1>         add     ebx, edi
    27                              <1> 
    28 00000239 516A075350E808FFFF- <1>         cdecl   draw_char, eax, ebx, 0x07, ecx
    28 00000242 FF6683C410          <1>
    29                              <1> 
    30 00000247 41                  <1>         inc     ecx
    31 00000248 EBD9                <1>         jmp     .10L
    32                              <1> .10E:
    33                              <1> 
    34 0000024A 5F                  <1>         pop     edi
    35 0000024B 5E                  <1>         pop     esi
    36 0000024C 5A                  <1>         pop     edx
    37 0000024D 59                  <1>         pop     ecx
    38 0000024E 5B                  <1>         pop     ebx
    39 0000024F 58                  <1>         pop     eax
    40                              <1> 
    41 00000250 89EC                <1>         mov     esp, ebp
    42 00000252 5D                  <1>         pop     ebp
    43                              <1> 
    44 00000253 C3                  <1>         ret
    42                                  %include    "../modules/protect/draw_str.s"
     1                              <1> draw_str:
     2                              <1> 
     3 00000254 55                  <1>         push    ebp
     4 00000255 89E5                <1>         mov     ebp, esp
     5                              <1> 
     6 00000257 50                  <1>         push    eax
     7 00000258 53                  <1>         push    ebx
     8 00000259 51                  <1>         push    ecx
     9 0000025A 52                  <1>         push    edx
    10 0000025B 56                  <1>         push    esi
    11                              <1> 
    12 0000025C 8B4D08              <1>         mov     ecx, [ebp + 8]
    13 0000025F 8B550C              <1>         mov     edx, [ebp + 12]
    14 00000262 0FB75D10            <1>         movzx   ebx, word [ebp + 16]
    15 00000266 8B7514              <1>         mov     esi, [ebp + 20]
    16                              <1> 
    17 00000269 FC                  <1>         cld
    18                              <1> .10L:
    19                              <1> 
    20 0000026A AC                  <1>         lodsb
    21 0000026B 3C00                <1>         cmp     al, 0
    22 0000026D 7425                <1>         je      .10E
    23                              <1> 
    24 0000026F 50535251E8D3FEFFFF- <1>         cdecl   draw_char, ecx, edx, ebx, eax
    24 00000278 6683C410            <1>
    25                              <1> 
    26 0000027C 41                  <1>         inc     ecx
    27 0000027D 83F950              <1>         cmp     ecx, 80
    28 00000280 7C10                <1>         jl      .12E
    29 00000282 B900000000          <1>         mov     ecx, 0
    30 00000287 42                  <1>         inc     edx
    31 00000288 83FA1E              <1>         cmp     edx, 30
    32 0000028B 7C05                <1>         jl      .12E
    33 0000028D BA00000000          <1>         mov     edx, 0
    34                              <1> 
    35                              <1> .12E:
    36 00000292 EBD6                <1>         jmp     .10L
    37                              <1> .10E:
    38                              <1> 
    39 00000294 5E                  <1>         pop     esi
    40 00000295 5A                  <1>         pop     edx
    41 00000296 59                  <1>         pop     ecx
    42 00000297 5B                  <1>         pop     ebx
    43 00000298 58                  <1>         pop     eax
    44                              <1> 
    45 00000299 89EC                <1>         mov     esp, ebp
    46 0000029B 5D                  <1>         pop     ebp
    47                              <1> 
    48 0000029C C3                  <1>         ret
    43                                  %include    "../modules/protect/draw_color_bar.s"
     1                              <1> draw_color_bar:
     2                              <1> 
     3 0000029D 55                  <1>         push    ebp
     4 0000029E 89E5                <1>         mov     ebp, esp
     5                              <1> 
     6 000002A0 50                  <1>         push    eax
     7 000002A1 53                  <1>         push    ebx
     8 000002A2 51                  <1>         push    ecx
     9 000002A3 52                  <1>         push    edx
    10 000002A4 56                  <1>         push    esi
    11 000002A5 57                  <1>         push    edi
    12                              <1> 
    13 000002A6 8B7508              <1>         mov     esi, [ebp + 8]
    14 000002A9 8B7D0C              <1>         mov     edi, [ebp + 12]
    15                              <1> 
    16 000002AC B900000000          <1>         mov     ecx, 0
    17 000002B1 83F910              <1> .10L:   cmp     ecx, 16
    18 000002B4 732E                <1>         jae     .10E
    19                              <1> 
    20 000002B6 89C8                <1>         mov     eax, ecx
    21 000002B8 83E001              <1>         and     eax, 0x01
    22 000002BB C1E003              <1>         shl     eax, 3
    23 000002BE 01F0                <1>         add     eax, esi
    24                              <1> 
    25 000002C0 89CB                <1>         mov     ebx, ecx
    26 000002C2 D1EB                <1>         shr     ebx, 1
    27 000002C4 01FB                <1>         add     ebx, edi
    28                              <1> 
    29 000002C6 89CA                <1>         mov     edx, ecx
    30 000002C8 D1E2                <1>         shl     edx, 1
    31 000002CA 8B92[F8020000]      <1>         mov     edx, [.t0 + edx]
    32                              <1> 
    33 000002D0 68[EE020000]525350- <1>         cdecl   draw_str, eax, ebx, edx, .s0
    33 000002D8 E877FFFFFF6683C410  <1>
    34                              <1> 
    35 000002E1 41                  <1>         inc     ecx
    36 000002E2 EBCD                <1>         jmp     .10L
    37                              <1> .10E:
    38                              <1> 
    39 000002E4 5F                  <1>         pop     edi
    40 000002E5 5E                  <1>         pop     esi
    41 000002E6 5A                  <1>         pop     edx
    42 000002E7 59                  <1>         pop     ecx
    43 000002E8 5B                  <1>         pop     ebx
    44 000002E9 58                  <1>         pop     eax
    45                              <1> 
    46 000002EA 89EC                <1>         mov     esp, ebp
    47 000002EC 5D                  <1>         pop     ebp
    48                              <1> 
    49 000002ED C3                  <1>         ret
    50                              <1> 
    51 000002EE 202020202020202020- <1> .s0     db  '         ', 0
    51 000002F7 00                  <1>
    52                              <1> 
    53 000002F8 00000008            <1> .t0     dw  0x0000, 0x0800
    54 000002FC 00010009            <1> 		dw	0x0100, 0x0900
    55 00000300 0002000A            <1> 		dw	0x0200, 0x0A00
    56 00000304 0003000B            <1> 		dw	0x0300, 0x0B00
    57 00000308 0004000C            <1> 		dw	0x0400, 0x0C00
    58 0000030C 0005000D            <1> 		dw	0x0500, 0x0D00
    59 00000310 0006000E            <1> 		dw	0x0600, 0x0E00
    60 00000314 0007000F            <1> 		dw	0x0700, 0x0F00
    44                                  %include    "../modules/protect/draw_pixel.s"
     1                              <1> draw_pixel:
     2                              <1> 
     3 00000318 55                  <1>         push    ebp
     4 00000319 89E5                <1>         mov     ebp, esp
     5                              <1> 
     6 0000031B 50                  <1>         push    eax
     7 0000031C 53                  <1>         push    ebx
     8 0000031D 51                  <1>         push    ecx
     9 0000031E 57                  <1>         push    edi
    10                              <1> 
    11 0000031F 8B7D0C              <1>         mov     edi, [ebp + 12]
    12 00000322 C1E704              <1>         shl     edi, 4
    13 00000325 8DBCBF00000A00      <1>         lea     edi, [edi * 4 + edi + 0xA_0000]
    14                              <1> 
    15 0000032C 8B5D08              <1>         mov     ebx, [ebp + 8]
    16 0000032F 89D9                <1>         mov     ecx, ebx
    17 00000331 C1EB03              <1>         shr     ebx, 3
    18 00000334 01DF                <1>         add     edi, ebx
    19                              <1> 
    20 00000336 83E107              <1>         and     ecx, 0x07
    21 00000339 BB80000000          <1>         mov     ebx, 0x80
    22 0000033E D3EB                <1>         shr     ebx, cl
    23                              <1> 
    24 00000340 8B4D10              <1>         mov     ecx, [ebp + 16]
    25                              <1> 
    26 00000343 6A03E84EFDFFFF6683- <1>         cdecl   vga_set_read_plane, 0x03
    26 0000034C C404                <1>
    27 0000034E 6A08E85CFDFFFF6683- <1>         cdecl   vga_set_write_plane, 0x08
    27 00000357 C404                <1>
    28 00000359 516A085753E8BAFDFF- <1>         cdecl   vram_bit_copy, ebx, edi, 0x08, ecx
    28 00000362 FF6683C410          <1>
    29                              <1> 
    30 00000367 6A02E82AFDFFFF6683- <1>         cdecl   vga_set_read_plane, 0x02
    30 00000370 C404                <1>
    31 00000372 6A04E838FDFFFF6683- <1>         cdecl   vga_set_write_plane, 0x04
    31 0000037B C404                <1>
    32 0000037D 516A045753E896FDFF- <1>         cdecl   vram_bit_copy, ebx, edi, 0x04, ecx
    32 00000386 FF6683C410          <1>
    33                              <1> 
    34 0000038B 6A01E806FDFFFF6683- <1>         cdecl   vga_set_read_plane, 0x01
    34 00000394 C404                <1>
    35 00000396 6A02E814FDFFFF6683- <1>         cdecl   vga_set_write_plane, 0x02
    35 0000039F C404                <1>
    36 000003A1 516A025753E872FDFF- <1>         cdecl   vram_bit_copy, ebx, edi, 0x02, ecx
    36 000003AA FF6683C410          <1>
    37                              <1> 
    38 000003AF 6A00E8E2FCFFFF6683- <1>         cdecl   vga_set_read_plane, 0x00
    38 000003B8 C404                <1>
    39 000003BA 6A01E8F0FCFFFF6683- <1>         cdecl   vga_set_write_plane, 0x01
    39 000003C3 C404                <1>
    40 000003C5 516A015753E84EFDFF- <1>         cdecl   vram_bit_copy, ebx, edi, 0x01, ecx
    40 000003CE FF6683C410          <1>
    41                              <1> 
    42 000003D3 5F                  <1>         pop     edi
    43 000003D4 59                  <1>         pop     ecx
    44 000003D5 5B                  <1>         pop     ebx
    45 000003D6 58                  <1>         pop     eax
    46                              <1> 
    47 000003D7 89EC                <1>         mov     esp, ebp
    48 000003D9 5D                  <1>         pop     ebp
    49                              <1> 
    50 000003DA C3                  <1>         ret
    45                                  %include    "../modules/protect/draw_line.s"
     1                              <1> draw_line:
     2                              <1> 
     3 000003DB 55                  <1>         push    ebp
     4 000003DC 89E5                <1>         mov     ebp, esp
     5                              <1> 
     6 000003DE 6A00                <1>         push    dword 0
     7 000003E0 6A00                <1>         push    dword 0
     8 000003E2 6A00                <1>         push    dword 0
     9 000003E4 6A00                <1>         push    dword 0
    10 000003E6 6A00                <1>         push    dword 0
    11 000003E8 6A00                <1>         push    dword 0
    12 000003EA 6A00                <1>         push    dword 0
    13                              <1> 
    14 000003EC 50                  <1>         push    eax
    15 000003ED 53                  <1>         push    ebx
    16 000003EE 51                  <1>         push    ecx
    17 000003EF 52                  <1>         push    edx
    18 000003F0 56                  <1>         push    esi
    19 000003F1 57                  <1>         push    edi
    20                              <1> 
    21 000003F2 8B4508              <1>         mov     eax, [ebp + 8]
    22 000003F5 8B5D10              <1>         mov     ebx, [ebp + 16]
    23 000003F8 29C3                <1>         sub     ebx, eax
    24 000003FA 7D09                <1>         jge     .10F
    25                              <1> 
    26 000003FC F7DB                <1>         neg     ebx
    27 000003FE BEFFFFFFFF          <1>         mov     esi, -1
    28 00000403 EB05                <1>         jmp     .10E
    29                              <1> .10F:
    30                              <1> 
    31 00000405 BE01000000          <1>         mov     esi, 1
    32                              <1> .10E:
    33                              <1> 
    34 0000040A 8B4D0C              <1>         mov     ecx, [ebp + 12]
    35 0000040D 8B5514              <1>         mov     edx, [ebp + 20]
    36 00000410 29CA                <1>         sub     edx, ecx
    37 00000412 7D09                <1>         jge     .20F
    38                              <1> 
    39 00000414 F7DA                <1>         neg     edx
    40 00000416 BFFFFFFFFF          <1>         mov     edi, -1
    41 0000041B EB05                <1>         jmp     .20E
    42                              <1> .20F:
    43                              <1> 
    44 0000041D BF01000000          <1>         mov     edi, 1
    45                              <1> .20E:
    46                              <1> 
    47 00000422 8945F8              <1>         mov     [ebp - 8], eax
    48 00000425 895DF4              <1>         mov     [ebp - 12], ebx
    49 00000428 8975F0              <1>         mov     [ebp - 16], esi
    50                              <1> 
    51 0000042B 894DEC              <1>         mov     [ebp - 20], ecx
    52 0000042E 8955E8              <1>         mov     [ebp - 24], edx
    53 00000431 897DE4              <1>         mov     [ebp - 28], edi
    54                              <1> 
    55 00000434 39D3                <1>         cmp     ebx, edx
    56 00000436 7F08                <1>         jg      .22F
    57                              <1> 
    58 00000438 8D75EC              <1>         lea     esi, [ebp - 20]
    59 0000043B 8D7DF8              <1>         lea     edi, [ebp - 8]
    60                              <1> 
    61 0000043E EB06                <1>         jmp     .22E
    62                              <1> .22F:
    63                              <1> 
    64 00000440 8D75F8              <1>         lea     esi, [ebp - 8]
    65 00000443 8D7DEC              <1>         lea     edi, [ebp - 20]
    66                              <1> .22E:
    67                              <1> 
    68 00000446 8B4EFC              <1>         mov     ecx, [esi - 4]
    69 00000449 83F900              <1>         cmp     ecx, 0
    70 0000044C 7505                <1>         jnz     .30E
    71 0000044E B901000000          <1>         mov     ecx, 1
    72                              <1> .30E:
    73                              <1> 
    74                              <1> .50L:
    75                              <1> 
    76 00000453 FF7518FF75ECFF75F8- <1>         cdecl   draw_pixel, dword [ebp - 8], dword [ebp - 20], dword [ebp + 24]
    76 0000045C E8B7FEFFFF6683C40C  <1>
    77                              <1> 
    78 00000465 8B46F8              <1>         mov     eax, [esi - 8]
    79 00000468 0106                <1>         add     [esi - 0], eax
    80                              <1> 
    81 0000046A 8B45FC              <1>         mov     eax, [ebp - 4]
    82 0000046D 0347FC              <1>         add     eax, [edi - 4]
    83 00000470 8B5EFC              <1>         mov     ebx, [esi - 4]
    84                              <1> 
    85 00000473 39D8                <1>         cmp     eax, ebx
    86 00000475 7C07                <1>         jl      .52E
    87 00000477 29D8                <1>         sub     eax, ebx
    88                              <1> 
    89 00000479 8B5FF8              <1>         mov     ebx, [edi - 8]
    90 0000047C 011F                <1>         add     [edi - 0], ebx
    91                              <1> .52E:
    92                              <1> 
    93 0000047E 8945FC              <1>         mov     [ebp - 4], eax
    94                              <1> 
    95 00000481 E2D0                <1>         loop    .50L
    96                              <1> .50E:
    97                              <1> 
    98 00000483 5F                  <1>         pop     edi
    99 00000484 5E                  <1>         pop     esi
   100 00000485 5A                  <1>         pop     edx
   101 00000486 59                  <1>         pop     ecx
   102 00000487 5B                  <1>         pop     ebx
   103 00000488 58                  <1>         pop     eax
   104                              <1> 
   105 00000489 89EC                <1>         mov     esp, ebp
   106 0000048B 5D                  <1>         pop     ebp
   107                              <1> 
   108 0000048C C3                  <1>         ret
    46                                  %include    "../modules/protect/draw_rect.s"
     1                              <1> draw_rect:
     2                              <1> 
     3 0000048D 55                  <1>         push    ebp
     4 0000048E 89E5                <1>         mov     ebp, esp
     5                              <1> 
     6 00000490 50                  <1>         push    eax
     7 00000491 53                  <1>         push    ebx
     8 00000492 51                  <1>         push    ecx
     9 00000493 52                  <1>         push    edx
    10 00000494 56                  <1>         push    esi
    11                              <1> 
    12 00000495 8B4508              <1>         mov     eax, [ebp + 8]
    13 00000498 8B5D0C              <1>         mov     ebx, [ebp + 12]
    14 0000049B 8B4D10              <1>         mov     ecx, [ebp + 16]
    15 0000049E 8B5514              <1>         mov     edx, [ebp + 20]
    16 000004A1 8B7518              <1>         mov     esi, [ebp + 24]
    17                              <1> 
    18 000004A4 39C8                <1>         cmp     eax, ecx
    19 000004A6 7C01                <1>         jl      .10E
    20 000004A8 91                  <1>         xchg    eax, ecx
    21                              <1> .10E:
    22                              <1> 
    23 000004A9 39D3                <1>         cmp     ebx, edx
    24 000004AB 7C02                <1>         jl      .20E
    25 000004AD 87DA                <1>         xchg    ebx, edx
    26                              <1> .20E:
    27                              <1> 
    28 000004AF 5653515350E822FFFF- <1>         cdecl   draw_line, eax, ebx, ecx, ebx, esi
    28 000004B8 FF6683C414          <1>
    29 000004BD 5652505350E814FFFF- <1>         cdecl   draw_line, eax, ebx, eax, edx, esi
    29 000004C6 FF6683C414          <1>
    30                              <1> 
    31 000004CB 4A                  <1>         dec     edx
    32 000004CC 5652515250E805FFFF- <1>         cdecl   draw_line, eax, edx, ecx, edx, esi
    32 000004D5 FF6683C414          <1>
    33 000004DA 42                  <1>         inc     edx
    34                              <1> 
    35 000004DB 4A                  <1>         dec     edx
    36 000004DC 5652515351E8F5FEFF- <1>         cdecl   draw_line, ecx, ebx, ecx, edx, esi
    36 000004E5 FF6683C414          <1>
    37                              <1> 
    38 000004EA 5E                  <1>         pop     esi
    39 000004EB 5A                  <1>         pop     edx
    40 000004EC 59                  <1>         pop     ecx
    41 000004ED 5B                  <1>         pop     ebx
    42 000004EE 58                  <1>         pop     eax
    43                              <1> 
    44 000004EF 89EC                <1>         mov     esp, ebp
    45 000004F1 5D                  <1>         pop     ebp
    46                              <1> 
    47 000004F2 C3                  <1>         ret
    47                                  %include    "../modules/protect/itoa.s"
     1                              <1> itoa:
     2                              <1> 
     3 000004F3 55                  <1>         push    ebp
     4 000004F4 89E5                <1>         mov     ebp, esp
     5                              <1> 
     6 000004F6 50                  <1>         push    eax
     7 000004F7 53                  <1>         push    ebx
     8 000004F8 51                  <1>         push    ecx
     9 000004F9 52                  <1>         push    edx
    10 000004FA 56                  <1>         push    esi
    11 000004FB 57                  <1>         push    edi
    12                              <1> 
    13 000004FC 8B4508              <1>         mov     eax, [ebp + 8]
    14 000004FF 8B750C              <1>         mov     esi, [ebp + 12]
    15 00000502 8B4D10              <1>         mov     ecx, [ebp + 16]
    16                              <1> 
    17 00000505 89F7                <1>         mov     edi, esi
    18 00000507 01CF                <1>         add     edi, ecx
    19 00000509 4F                  <1>         dec     edi
    20                              <1> 
    21 0000050A 8B5D18              <1>         mov     ebx, [ebp + 24]
    22                              <1> 
    23 0000050D F7C301000000        <1>         test    ebx, 0b0001
    24 00000513 7408                <1> .10Q:   je      .10E
    25 00000515 83F800              <1>         cmp     eax, 0
    26 00000518 7D03                <1> .12Q:   jge     .12E
    27 0000051A 83CB02              <1>         or      ebx, 0b0010
    28                              <1> .12E:
    29                              <1> .10E:
    30                              <1> 
    31 0000051D F7C302000000        <1>         test    ebx, 0b0010
    32 00000523 7410                <1> .20Q:   je      .20E
    33 00000525 83F800              <1>         cmp     eax, 0
    34 00000528 7D07                <1> .22Q:   jge     .22F
    35 0000052A F7D8                <1>         neg     eax
    36 0000052C C6062D              <1>         mov     [esi], byte '-'
    37 0000052F EB03                <1>         jmp     .22E
    38                              <1> .22F:
    39                              <1> 
    40 00000531 C6062B              <1>         mov     [esi], byte '+'
    41                              <1> .22E:
    42 00000534 49                  <1>         dec     ecx
    43                              <1> .20E:
    44                              <1> 
    45 00000535 8B5D14              <1>         mov     ebx, [ebp + 20]
    46                              <1> .30L:
    47                              <1> 
    48 00000538 BA00000000          <1>         mov     edx, 0
    49 0000053D F7F3                <1>         div     ebx
    50                              <1> 
    51 0000053F 89D6                <1>         mov     esi, edx
    52 00000541 8A96[6D050000]      <1>         mov     dl, byte [.ascii + esi]
    53                              <1> 
    54 00000547 8817                <1>         mov     [edi], dl
    55 00000549 4F                  <1>         dec     edi
    56                              <1> 
    57 0000054A 83F800              <1>         cmp     eax, 0
    58 0000054D E0E9                <1>         loopnz  .30L
    59                              <1> .30E:
    60                              <1> 
    61 0000054F 83F900              <1>         cmp     ecx, 0
    62 00000552 740F                <1> .40Q:   je      .40E
    63 00000554 B020                <1>         mov     al, ' '
    64 00000556 6667837E1804        <1>         cmp     [bp + 24], word 0b0100
    65 0000055C 7502                <1> .42Q:   jne     .42E
    66 0000055E B030                <1>         mov     al, '0'
    67                              <1> .42E:
    68 00000560 FD                  <1>         std
    69 00000561 F3AA                <1>         rep stosb
    70                              <1> .40E:
    71                              <1> 
    72 00000563 5F                  <1>         pop     edi
    73 00000564 5E                  <1>         pop     esi
    74 00000565 5A                  <1>         pop     edx
    75 00000566 59                  <1>         pop     ecx
    76 00000567 5B                  <1>         pop     ebx
    77 00000568 58                  <1>         pop     eax
    78                              <1> 
    79 00000569 89EC                <1>         mov     esp, ebp
    80 0000056B 5D                  <1>         pop     ebp
    81                              <1> 
    82 0000056C C3                  <1>         ret
    83                              <1> 
    84 0000056D 303132333435363738- <1> .ascii  db      "0123456789ABCDEF"
    84 00000576 39414243444546      <1>
    48                                  %include    "../modules/protect/rtc.s"
     1                              <1> rtc_get_time:
     2                              <1> 
     3 0000057D 55                  <1>         push    ebp
     4 0000057E 89E5                <1>         mov     ebp, esp
     5                              <1> 
     6 00000580 53                  <1>         push    ebx
     7                              <1> 
     8 00000581 B00A                <1>         mov     al, 0x0A
     9 00000583 E670                <1>         out     0x70, al
    10 00000585 E471                <1>         in      al, 0x71
    11 00000587 A880                <1>         test    al, 0x80
    12 00000589 7407                <1>         je      .10F
    13 0000058B B801000000          <1>         mov     eax, 1
    14 00000590 EB27                <1>         jmp     .10E
    15                              <1> .10F:
    16                              <1> 
    17 00000592 B004                <1>         mov     al, 0x04
    18 00000594 E670                <1>         out     0x70, al
    19 00000596 E471                <1>         in      al, 0x71
    20                              <1> 
    21 00000598 C1E008              <1>         shl     eax, 8
    22                              <1> 
    23 0000059B B002                <1>         mov     al, 0x02
    24 0000059D E670                <1>         out     0x70, al
    25 0000059F E471                <1>         in      al, 0x71
    26                              <1> 
    27 000005A1 C1E008              <1>         shl     eax, 8
    28                              <1> 
    29 000005A4 B000                <1>         mov     al, 0x00
    30 000005A6 E670                <1>         out     0x70, al
    31 000005A8 E471                <1>         in      al, 0x71
    32                              <1> 
    33 000005AA 25FFFFFF00          <1>         and     eax, 0x00_FF_FF_FF
    34                              <1> 
    35 000005AF 8B5D08              <1>         mov     ebx, [ebp + 8]
    36 000005B2 8903                <1>         mov     [ebx], eax
    37                              <1> 
    38 000005B4 B800000000          <1>         mov     eax, 0
    39                              <1> .10E:
    40                              <1> 
    41 000005B9 5B                  <1>         pop     ebx
    42                              <1> 
    43 000005BA 89EC                <1>         mov     esp, ebp
    44 000005BC 5D                  <1>         pop     ebp
    45                              <1> 
    46 000005BD C3                  <1>         ret
    49                                  %include    "../modules/protect/draw_time.s"
     1                              <1> draw_time:
     2                              <1> 
     3 000005BE 55                  <1>         push    ebp
     4 000005BF 89E5                <1>         mov     ebp, esp
     5                              <1> 
     6 000005C1 50                  <1>         push    eax
     7 000005C2 53                  <1>         push    ebx
     8                              <1> 
     9 000005C3 8B4514              <1>         mov     eax, [ebp + 20]
    10 000005C6 3B05[44060000]      <1>         cmp     eax, [.last]
    11 000005CC 7468                <1>         je      .10E
    12                              <1> 
    13 000005CE A3[44060000]        <1>         mov     [.last], eax
    14                              <1> 
    15 000005D3 BB00000000          <1>         mov     ebx, 0
    16 000005D8 0FB6D8              <1>         movzx   ebx, al
    17 000005DB 6A046A106A0268-     <1>         cdecl   itoa, ebx, .sec, 2, 16, 0b0100
    17 000005E2 [52060000]53E807FF- <1>
    17 000005EA FFFF6683C414        <1>
    18                              <1> 
    19 000005F0 88E3                <1>         mov     bl, ah
    20 000005F2 6A046A106A0268-     <1>         cdecl   itoa, ebx, .min, 2, 16, 0b0100
    20 000005F9 [4F060000]53E8F0FE- <1>
    20 00000601 FFFF6683C414        <1>
    21                              <1> 
    22 00000607 C1E810              <1>         shr     eax, 16
    23 0000060A 6A046A106A0268-     <1>         cdecl   itoa, eax, .hour, 2, 16, 0b0100
    23 00000611 [4C060000]50E8D8FE- <1>
    23 00000619 FFFF6683C414        <1>
    24                              <1> 
    25 0000061F 68[4C060000]FF7510- <1>         cdecl   draw_str, dword [ebp + 8], dword [ebp + 12], dword [ebp + 16], .hour
    25 00000627 FF750CFF7508E822FC- <1>
    25 00000630 FFFF6683C410        <1>
    26                              <1> 
    27                              <1> .10E:
    28                              <1> 
    29 00000636 5B                  <1>         pop     ebx
    30 00000637 58                  <1>         pop     eax
    31                              <1> 
    32 00000638 89EC                <1>         mov     esp, ebp
    33 0000063A 5D                  <1>         pop     ebp
    34                              <1> 
    35 0000063B C3                  <1>         ret
    36                              <1> 
    37                              <1> ALIGN 2, db 0
    38 0000063C 0000000000000000    <1> .temp   dq  0
    39 00000644 0000000000000000    <1> .last   dq  0
    40 0000064C 5A5A3A              <1> .hour   db  "ZZ:"
    41 0000064F 5A5A3A              <1> .min    db  "ZZ:"
    42 00000652 5A5A00              <1> .sec    db  "ZZ", 0
    50                                  %include    "modules/interrupt.s"
     1                              <1> int_default:
     2                              <1> 
     3 00000655 9C                  <1>         pushf
     4 00000656 0E                  <1>         push    cs
     5 00000657 68[73060000]        <1>         push    int_stop
     6                              <1> 
     7 0000065C B8[62060000]        <1>         mov     eax, .s0
     8 00000661 CF                  <1>         iret
     9                              <1> 
    10 00000662 203C2020202053544F- <1> .s0     db  " <    STOP    > ", 0
    10 0000066B 50202020203E2000    <1>
    11                              <1> 
    12                              <1> 
    13                              <1> int_stop:
    14                              <1> 
    15 00000673 50680F0600006A0F6A- <1>         cdecl   draw_str, 25, 15, 0x060F, eax
    15 0000067C 19E8D2FBFFFF6683C4- <1>
    15 00000685 10                  <1>
    16                              <1> 
    17 00000686 8B0424              <1>         mov     eax, [esp + 0]
    18 00000689 6A046A106A0868-     <1>         cdecl   itoa, eax, .p1, 8, 16, 0b0100
    18 00000690 [4E070000]50E859FE- <1>
    18 00000698 FFFF6683C414        <1>
    19                              <1> 
    20 0000069E 8B442404            <1>         mov     eax, [esp + 4]
    21 000006A2 6A046A106A0868-     <1>         cdecl   itoa, eax, .p2, 8, 16, 0b0100
    21 000006A9 [5F070000]50E840FE- <1>
    21 000006B1 FFFF6683C414        <1>
    22                              <1> 
    23 000006B7 8B442408            <1>         mov     eax, [esp + 8]
    24 000006BB 6A046A106A0868-     <1>         cdecl   itoa, eax, .p3, 8, 16, 0b0100
    24 000006C2 [70070000]50E827FE- <1>
    24 000006CA FFFF6683C414        <1>
    25                              <1> 
    26 000006D0 8B44240C            <1>         mov     eax, [esp + 12]
    27 000006D4 6A046A106A0868-     <1>         cdecl   itoa, eax, .p4, 8, 16, 0b0100
    27 000006DB [81070000]50E80EFE- <1>
    27 000006E3 FFFF6683C414        <1>
    28                              <1> 
    29 000006E9 68[47070000]68040F- <1>         cdecl   draw_str, 25, 16, 0x0F04, .s1
    29 000006F1 00006A106A19E858FB- <1>
    29 000006FA FFFF6683C410        <1>
    30 00000700 68[58070000]68040F- <1>         cdecl   draw_str, 25, 17, 0x0F04, .s2
    30 00000708 00006A116A19E841FB- <1>
    30 00000711 FFFF6683C410        <1>
    31 00000717 68[69070000]68040F- <1>         cdecl   draw_str, 25, 18, 0x0F04, .s3
    31 0000071F 00006A126A19E82AFB- <1>
    31 00000728 FFFF6683C410        <1>
    32 0000072E 68[7A070000]68040F- <1>         cdecl   draw_str, 25, 19, 0x0F04, .s4
    32 00000736 00006A136A19E813FB- <1>
    32 0000073F FFFF6683C410        <1>
    33                              <1> 
    34 00000745 EBFE                <1>         jmp     $
    35                              <1> 
    36 00000747 4553502B20303A      <1> .s1		db	"ESP+ 0:"
    37 0000074E 5F5F5F5F5F5F5F5F20- <1> .p1		db	"________ ", 0
    37 00000757 00                  <1>
    38 00000758 2020202B20343A      <1> .s2		db	"   + 4:"
    39 0000075F 5F5F5F5F5F5F5F5F20- <1> .p2		db	"________ ", 0
    39 00000768 00                  <1>
    40 00000769 2020202B20383A      <1> .s3		db	"   + 8:"
    41 00000770 5F5F5F5F5F5F5F5F20- <1> .p3		db	"________ ", 0
    41 00000779 00                  <1>
    42 0000077A 2020202B31323A      <1> .s4		db	"   +12:"
    43 00000781 5F5F5F5F5F5F5F5F20- <1> .p4		db	"________ ", 0
    43 0000078A 00                  <1>
    51                                  
    52 0000078B 00<rept>                        times KERNEL_SIZE -($ - $$) db 0
