     1                                  %include    "../include/define.s"
     1                              <1>         BOOT_LOAD       equ     0x7C00
     2                              <1> 
     3                              <1>         BOOT_SIZE       equ     (1024 * 8)
     4                              <1>         SECT_SIZE       equ     (512)
     5                              <1>         BOOT_SECT       equ     (BOOT_SIZE / SECT_SIZE)
     2                                  %include    "../include/macro.s"
     1                              <1> %macro  cdecl 1-*.nolist
     2                              <1> 
     3                              <1>     %rep  %0 -1
     4                              <1>         push    %{-1:-1}
     5                              <1>         %rotate -1
     6                              <1>     %endrep
     7                              <1>     %rotate -1
     8                              <1> 
     9                              <1>         call    %1
    10                              <1> 
    11                              <1>     %if  1 < %0
    12                              <1>         add     sp, (__BITS__ >> 3) * (%0 - 1)
    13                              <1>     %endif
    14                              <1> 
    15                              <1> %endmacro
    16                              <1> 
    17                              <1> struc drive
    18 00000000 <res 00000002>      <1>         .no     resw    1
    19 00000002 <res 00000002>      <1>         .cyln   resw    1
    20 00000004 <res 00000002>      <1>         .head   resw    1
    21 00000006 <res 00000002>      <1>         .sect   resw    1
    22                              <1> endstruc
     3                                  
     4                                          ORG     BOOT_LOAD
     5                                  
     6                                  entry:
     7                                  
     8 00000000 EB58                            jmp     ipl
     9 00000002 90<rept>                     times   90 - ($ - $$) db 0x90
    10                                  
    11                                  ipl:
    12 0000005A FA                              cli
    13                                      
    14 0000005B B80000                          mov     ax, 0x0000
    15 0000005E 8ED8                            mov     ds, ax
    16 00000060 8EC0                            mov     es, ax
    17 00000062 8ED0                            mov     ss, ax
    18 00000064 BC007C                          mov     sp, BOOT_LOAD
    19                                  
    20 00000067 FB                              sti
    21                                  
    22 00000068 8816[BA00]                      mov     [BOOT + drive.no], dl
    23                                  
    24 0000006C 68[9900]E8500083C4-             cdecl   puts, .s0
    24 00000074 02                 
    25                                  
    26 00000075 BB0F00                          mov     bx, BOOT_SECT - 1
    27 00000078 B9007E                          mov     cx, BOOT_LOAD + SECT_SIZE
    28                                  
    29 0000007B 515368[BA00]E89D00-             cdecl   read_chs, BOOT, bx, cx
    29 00000083 83C406             
    30                                  
    31 00000086 39D8                            cmp     ax, bx
    32 00000088 740C                    .10Q:   jz     .10E
    33 0000008A 68[A600]E8320083C4-     .10T:   cdecl   puts, .e0
    33 00000092 02                 
    34 00000093 E84B00                          call    reboot
    35                                  .10E:
    36                                  
    37 00000096 E94A02                          jmp     stage_2
    38                                  
    39 00000099 426F6F74696E672E2E-     .s0     db  "Booting...", 0x0A, 0x0D, 0
    39 000000A2 2E0A0D00           
    40 000000A6 4572726F723A207365-     .e0     db  "Error: sector read", 0
    40 000000AF 63746F722072656164-
    40 000000B8 00                 
    41                                  
    42 000000B9 00                      ALIGN 2, db 0
    43                                  BOOT:
    44                                      istruc  drive
    45 000000BA 0000                            at  drive.no,       dw 0
    46 000000BC 0000                            at  drive.cyln,     dw 0
    47 000000BE 0000                            at  drive.head,     dw 0
    48 000000C0 0200                            at  drive.sect,     dw 2
    49                                      iend
    50                                  
    51                                  %include    "../modules/real/puts.s"
     1                              <1> puts:
     2                              <1> 
     3 000000C2 55                  <1>         push    bp
     4 000000C3 89E5                <1>         mov     bp, sp
     5                              <1> 
     6 000000C5 50                  <1>         push    ax
     7 000000C6 53                  <1>         push    bx
     8 000000C7 56                  <1>         push    si
     9                              <1> 
    10 000000C8 8B7604              <1>         mov     si, [bp + 4]
    11                              <1> 
    12 000000CB B40E                <1>         mov     ah, 0x0E
    13 000000CD BB0000              <1>         mov     bx, 0x0000
    14 000000D0 FC                  <1>         cld
    15                              <1> .10L:
    16                              <1> 
    17 000000D1 AC                  <1>         lodsb
    18                              <1> 
    19 000000D2 3C00                <1>         cmp     al, 0
    20 000000D4 7404                <1>         je      .10E
    21                              <1> 
    22 000000D6 CD10                <1>         int     0x10
    23 000000D8 EBF7                <1>         jmp     .10L
    24                              <1> .10E:
    25                              <1> 
    26 000000DA 5E                  <1>         pop     si
    27 000000DB 5B                  <1>         pop     bx
    28 000000DC 58                  <1>         pop     ax
    29                              <1> 
    30 000000DD 89EC                <1>         mov     sp, bp
    31 000000DF 5D                  <1>         pop     bp
    32                              <1> 
    33 000000E0 C3                  <1>         ret
    52                                  %include    "../modules/real/reboot.s"
     1                              <1> reboot:
     2                              <1> 
     3 000000E1 68[FD00]E8DBFF83C4- <1>         cdecl   puts, .s0
     3 000000E9 02                  <1>
     4                              <1> 
     5                              <1> .10L:
     6                              <1> 
     7 000000EA B410                <1>         mov     ah, 0x10
     8 000000EC CD16                <1>         int     0x16
     9                              <1> 
    10 000000EE 3C20                <1>         cmp     al, ' '
    11 000000F0 75F8                <1>         jne     .10L
    12                              <1> 
    13 000000F2 68[1B01]E8CAFF83C4- <1>         cdecl   puts, .s1
    13 000000FA 02                  <1>
    14                              <1> 
    15 000000FB CD19                <1>         int     0x19
    16                              <1> 
    17 000000FD 0A0D50757368205350- <1> .s0     db  0x0A, 0x0D, "Push SPACE Key to reboot...", 0
    17 00000106 414345204B65792074- <1>
    17 0000010F 6F207265626F6F742E- <1>
    17 00000118 2E2E00              <1>
    18 0000011B 0A0D0A0D00          <1> .s1     db  0x0A, 0x0D, 0x0A, 0x0D, 0
    53                                  %include    "../modules/real/read_chs.s"
     1                              <1> read_chs:
     2                              <1> 
     3 00000120 55                  <1>         push    bp
     4 00000121 89E5                <1>         mov     bp, sp
     5 00000123 6A03                <1>         push    3
     6 00000125 6A00                <1>         push    0
     7                              <1> 
     8 00000127 53                  <1>         push    bx
     9 00000128 51                  <1>         push    cx
    10 00000129 52                  <1>         push    dx
    11 0000012A 06                  <1>         push    es
    12 0000012B 56                  <1>         push    si
    13                              <1> 
    14 0000012C 8B7604              <1>         mov     si, [bp + 4]
    15                              <1> 
    16 0000012F 8A6C02              <1>         mov     ch, [si + drive.cyln + 0]
    17 00000132 8A4C03              <1>         mov     cl, [si + drive.cyln + 1]
    18 00000135 C0E106              <1>         shl     cl, 6
    19 00000138 0A4C06              <1>         or      cl, [si + drive.sect]
    20                              <1> 
    21 0000013B 8A7404              <1>         mov     dh, [si + drive.head]
    22 0000013E 8A14                <1>         mov     dl, [si + 0]
    23 00000140 B80000              <1>         mov     ax, 0x0000
    24 00000143 8EC0                <1>         mov     es, ax
    25 00000145 8B5E08              <1>         mov     bx, [bp + 8]
    26                              <1> .10L:
    27                              <1> 
    28 00000148 B402                <1>         mov     ah, 0x02
    29 0000014A 8A4606              <1>         mov     al, [bp + 6]
    30                              <1> 
    31 0000014D CD13                <1>         int     0x13
    32 0000014F 730C                <1>         jnc     .10E
    33                              <1> .11E:
    34                              <1> 
    35 00000151 3C00                <1>         cmp     al, 0
    36 00000153 7508                <1>         jne     .10E
    37                              <1> 
    38 00000155 B80000              <1>         mov     ax, 0
    39 00000158 FF4EFE              <1>         dec     word[bp - 2]
    40 0000015B 75EB                <1>         jnz     .10L
    41                              <1> .10E:
    42                              <1> 
    43 0000015D B400                <1>         mov     ah, 0
    44                              <1> 
    45 0000015F 5E                  <1>         pop     si
    46 00000160 07                  <1>         pop     es
    47 00000161 5A                  <1>         pop     dx
    48 00000162 59                  <1>         pop     cx
    49 00000163 5B                  <1>         pop     bx
    50                              <1> 
    51 00000164 89EC                <1>         mov     sp, bp
    52 00000166 5D                  <1>         pop     bp
    53                              <1> 
    54 00000167 C3                  <1>         ret
    54                                  
    55 00000168 00<rept>                        times   510 - ($ - $$) db 0x00
    56 000001FE 55AA                            db      0x55, 0xAA
    57                                  
    58                                  FONT:
    59 00000200 0000                    .seg:   dw 0
    60 00000202 0000                    .off:   dw 0
    61                                  
    62                                  %include    "../modules/real/itoa.s"
     1                              <1> itoa:
     2                              <1> 
     3 00000204 55                  <1>         push    bp
     4 00000205 89E5                <1>         mov     bp, sp
     5                              <1> 
     6 00000207 50                  <1>         push    ax
     7 00000208 53                  <1>         push    bx
     8 00000209 51                  <1>         push    cx
     9 0000020A 52                  <1>         push    dx
    10 0000020B 56                  <1>         push    si
    11 0000020C 57                  <1>         push    di
    12                              <1> 
    13 0000020D 8B4604              <1>         mov     ax, [bp + 4]
    14 00000210 8B7606              <1>         mov     si, [bp + 6]
    15 00000213 8B4E08              <1>         mov     cx, [bp + 8]
    16                              <1> 
    17 00000216 89F7                <1>         mov     di, si
    18 00000218 01CF                <1>         add     di, cx
    19 0000021A 4F                  <1>         dec     di
    20                              <1> 
    21 0000021B 8B5E0C              <1>         mov     bx, word [bp + 12]
    22                              <1> 
    23 0000021E F7C30100            <1>         test    bx, 0b0001
    24 00000222 7408                <1> .10Q:   je      .10E
    25 00000224 83F800              <1>         cmp     ax, 0
    26 00000227 7D03                <1> .12Q:   jge     .12E
    27 00000229 83CB02              <1>         or      bx, 0b0010
    28                              <1> .12E:
    29                              <1> .10E:
    30                              <1> 
    31 0000022C F7C30200            <1>         test    bx, 0b0010
    32 00000230 7410                <1> .20Q:   je      .20E
    33 00000232 83F800              <1>         cmp     ax, 0
    34 00000235 7D07                <1> .22Q:   jge     .22F
    35 00000237 F7D8                <1>         neg     ax
    36 00000239 C6042D              <1>         mov     [si], byte '-'
    37 0000023C EB03                <1>         jmp     .22E
    38                              <1> .22F:
    39                              <1> 
    40 0000023E C6042B              <1>         mov     [si], byte '+'
    41                              <1> .22E:
    42 00000241 49                  <1>         dec     cx
    43                              <1> .20E:
    44                              <1> 
    45 00000242 8B5E0A              <1>         mov     bx, [bp + 10]
    46                              <1> .30L:
    47                              <1> 
    48 00000245 BA0000              <1>         mov     dx, 0
    49 00000248 F7F3                <1>         div     bx
    50                              <1> 
    51 0000024A 89D6                <1>         mov     si, dx
    52 0000024C 8A94[7402]          <1>         mov     dl, byte [.ascii + si]
    53                              <1> 
    54 00000250 8815                <1>         mov     [di], dl
    55 00000252 4F                  <1>         dec     di
    56                              <1> 
    57 00000253 83F800              <1>         cmp     ax, 0
    58 00000256 E0ED                <1>         loopnz  .30L
    59                              <1> .30E:
    60                              <1> 
    61 00000258 83F900              <1>         cmp     cx, 0
    62 0000025B 740D                <1> .40Q:   je      .40E
    63 0000025D B020                <1>         mov     al, ' '
    64 0000025F 837E0C04            <1>         cmp     [bp + 12], word 0b0100
    65 00000263 7502                <1> .42Q:   jne     .42E
    66 00000265 B030                <1>         mov     al, '0'
    67                              <1> .42E:
    68 00000267 FD                  <1>         std
    69 00000268 F3AA                <1>         rep stosb
    70                              <1> .40E:
    71                              <1> 
    72 0000026A 5F                  <1>         pop     di
    73 0000026B 5E                  <1>         pop     si
    74 0000026C 5A                  <1>         pop     dx
    75 0000026D 59                  <1>         pop     cx
    76 0000026E 5B                  <1>         pop     bx
    77 0000026F 58                  <1>         pop     ax
    78                              <1> 
    79 00000270 89EC                <1>         mov     sp, bp
    80 00000272 5D                  <1>         pop     bp
    81                              <1> 
    82 00000273 C3                  <1>         ret
    83                              <1> 
    84 00000274 303132333435363738- <1> .ascii  db      "0123456789ABCDEF"
    84 0000027D 39414243444546      <1>
    63                                  %include    "../modules/real/get_drive_param.s"
     1                              <1> get_drive_param:
     2                              <1> 
     3 00000284 55                  <1>         push    bp
     4 00000285 89E5                <1>         mov     bp, sp
     5                              <1> 
     6 00000287 53                  <1>         push    bx
     7 00000288 51                  <1>         push    cx
     8 00000289 06                  <1>         push    es
     9 0000028A 56                  <1>         push    si
    10 0000028B 57                  <1>         push    di
    11                              <1> 
    12 0000028C 8B7604              <1>         mov     si, [bp + 4]
    13                              <1> 
    14 0000028F B80000              <1>         mov     ax, 0
    15 00000292 8EC0                <1>         mov     es, ax
    16 00000294 89C7                <1>         mov     di, ax
    17                              <1> 
    18 00000296 B408                <1>         mov     ah, 8
    19 00000298 8A14                <1>         mov     dl, [si + drive.no]
    20 0000029A 721B                <1> .10Q:   jc      .10F
    21                              <1> .10T:
    22 0000029C 88C8                <1>         mov     al, cl
    23 0000029E 83E03F              <1>         and     ax, 0x3F
    24                              <1> 
    25 000002A1 C0E906              <1>         shr     cl, 6
    26 000002A4 C1C908              <1>         ror     cx, 8
    27 000002A7 41                  <1>         inc     cx
    28                              <1> 
    29 000002A8 0FB6DE              <1>         movzx   bx, dh
    30 000002AB 43                  <1>         inc     bx
    31                              <1> 
    32 000002AC 894C02              <1>         mov     [si + drive.cyln], cx
    33 000002AF 895C04              <1>         mov     [si + drive.head], bx
    34 000002B2 894406              <1>         mov     [si + drive.sect], ax
    35                              <1> 
    36 000002B5 EB03                <1>         jmp     .10E
    37                              <1> .10F:
    38                              <1> 
    39 000002B7 B80000              <1>         mov     ax, 0
    40                              <1> .10E:
    41                              <1> 
    42 000002BA 5F                  <1>         pop     di
    43 000002BB 5E                  <1>         pop     si
    44 000002BC 07                  <1>         pop     es
    45 000002BD 59                  <1>         pop     cx
    46 000002BE 5B                  <1>         pop     bx
    47                              <1> 
    48 000002BF 89EC                <1>         mov     sp, bp
    49 000002C1 5D                  <1>         pop     bp
    50                              <1> 
    51 000002C2 C3                  <1>         ret
    64                                  %include    "../modules/real/get_font_adr.s"
     1                              <1> get_font_adr:
     2                              <1> 
     3 000002C3 55                  <1>         push    bp
     4 000002C4 89E5                <1>         mov     bp, sp
     5                              <1> 
     6 000002C6 50                  <1>         push    ax
     7 000002C7 53                  <1>         push    bx
     8 000002C8 56                  <1>         push    si
     9 000002C9 06                  <1>         push    es
    10 000002CA 55                  <1>         push    bp
    11                              <1> 
    12 000002CB 8B7604              <1>         mov     si, [bp + 4]
    13                              <1> 
    14 000002CE B83011              <1>         mov     ax, 0x1130
    15 000002D1 B706                <1>         mov     bh, 0x06
    16 000002D3 CD10                <1>         int     10h
    17                              <1> 
    18 000002D5 8C04                <1>         mov     [si + 0], es
    19 000002D7 896C02              <1>         mov     [si + 2], bp
    20                              <1> 
    21 000002DA 5D                  <1>         pop     bp
    22 000002DB 07                  <1>         pop     es
    23 000002DC 5E                  <1>         pop     si
    24 000002DD 5B                  <1>         pop     bx
    25 000002DE 58                  <1>         pop     ax
    26                              <1> 
    27 000002DF 89EC                <1>         mov     sp, bp
    28 000002E1 5D                  <1>         pop     bp
    29                              <1> 
    30 000002E2 C3                  <1>         ret
    65                                  
    66                                  stage_2:
    67                                  
    68 000002E3 68[5D03]E8D9FD83C4-             cdecl   puts, .s0
    68 000002EB 02                 
    69                                  
    70 000002EC 68[BA00]E892FF83C4-             cdecl   get_drive_param, BOOT
    70 000002F4 02                 
    71 000002F5 83F800                          cmp     ax, 0
    72 000002F8 750C                    .10Q:   jne     .10E
    73 000002FA 68[9203]E8C2FD83C4-     .10T:   cdecl   puts, .e0
    73 00000302 02                 
    74                                          ;call   reboot
    75 00000303 E9A900                          jmp     stage_3
    76                                  .10E:
    77                                  
    78 00000306 A1[BA00]                        mov     ax, [BOOT + drive.no]
    79 00000309 6A046A106A0268-                 cdecl   itoa, ax, .p1, 2, 16, 0b0100
    79 00000310 [7503]50E8EEFE83C4-
    79 00000318 0A                 
    80 00000319 A1[BC00]                        mov     ax, [BOOT + drive.cyln]
    81 0000031C 6A046A106A0468-                 cdecl   itoa, ax, .p2, 4, 16, 0b0100
    81 00000323 [7D03]50E8DBFE83C4-
    81 0000032B 0A                 
    82 0000032C A1[BE00]                        mov     ax, [BOOT + drive.head]
    83 0000032F 6A046A106A0268-                 cdecl   itoa, ax, .p3, 2, 16, 0b0100
    83 00000336 [8603]50E8C8FE83C4-
    83 0000033E 0A                 
    84 0000033F A1[C000]                        mov     ax, [BOOT + drive.sect]
    85 00000342 6A046A106A0268-                 cdecl   itoa, ax, .p4, 2, 16, 0b0100
    85 00000349 [8E03]50E8B5FE83C4-
    85 00000351 0A                 
    86 00000352 68[6C03]E86AFD83C4-             cdecl   puts, .s1
    86 0000035A 02                 
    87                                  
    88 0000035B EB52                            jmp     stage_3
    89                                  
    90 0000035D 326E64207374616765-     .s0     db  "2nd stage...", 0x0A, 0x0D, 0
    90 00000366 2E2E2E0A0D00       
    91                                  
    92 0000036C 44726976653A203078      .s1     db  "Drive: 0x"
    93 00000375 202C20433A203078        .p1     db  " , C: 0x"
    94 0000037D 20202C20483A203078      .p2     db  "  , H: 0x"
    95 00000386 202C20533A203078        .p3     db  " , S: 0x"
    96 0000038E 200A0D00                .p4     db  " ", 0x0A, 0x0D, 0
    97                                  
    98 00000392 43616E277420676574-     .e0     db  "Can't get drive parameter.", 0x0A, 0x0D, 0
    98 0000039B 206472697665207061-
    98 000003A4 72616D657465722E0A-
    98 000003AD 0D00               
    99                                  
   100                                  stage_3:
   101                                  
   102 000003AF 68[F203]E80DFD83C4-             cdecl   puts, .s0
   102 000003B7 02                 
   103                                  
   104 000003B8 68[0002]E805FF83C4-             cdecl   get_font_adr, FONT
   104 000003C0 02                 
   105                                  
   106 000003C1 6A046A106A0468-                 cdecl   itoa, word [FONT.seg], .p1, 4, 16, 0b0100
   106 000003C8 [0E04]FF36[0002]E8-
   106 000003CF 33FE83C40A         
   107 000003D4 6A046A106A0468-                 cdecl   itoa, word [FONT.off], .p2, 4, 16, 0b0100
   107 000003DB [1204]FF36[0202]E8-
   107 000003E2 20FE83C40A         
   108 000003E7 68[0104]E8D5FC83C4-             cdecl   puts, .s1
   108 000003EF 02                 
   109                                  
   110 000003F0 EBFE                            jmp     $
   111                                  
   112 000003F2 337264207374616765-     .s0     db  "3rd stage...", 0x0A, 0x0D, 0
   112 000003FB 2E2E2E0A0D00       
   113 00000401 466F6E742041646472-     .s1     db  "Font Address="
   113 0000040A 6573733D           
   114 0000040E 5A5A5A5A                .p1     db  "ZZZZ"
   115 00000412 5A5A5A5A0A0D00          .p2     db  "ZZZZ", 0x0A, 0x0D, 0
   116 00000419 0A0D00                          db  0x0A, 0x0D, 0
   117                                          
   118 0000041C 00<rept>                        times   BOOT_SIZE - ($ - $$)   db 0
