     1                                  %include    "../include/define.s"
     1                              <1>         BOOT_LOAD           equ     0x7C00
     2                              <1> 
     3                              <1>         BOOT_SIZE           equ     (1024 * 8)
     4                              <1>         SECT_SIZE           equ     (512)
     5                              <1>         BOOT_SECT           equ     (BOOT_SIZE / SECT_SIZE)
     6                              <1> 
     7                              <1>         E820_RECORD_SIZE    equ     20
     2                                  %include    "../include/macro.s"
     1                              <1> %macro  cdecl 1-*.nolist
     2                              <1> 
     3                              <1>     %rep  %0 -1
     4                              <1>         push    %{-1:-1}
     5                              <1>         %rotate -1
     6                              <1>     %endrep
     7                              <1>     %rotate -1
     8                              <1> 
     9                              <1>         call    %1
    10                              <1> 
    11                              <1>     %if  1 < %0
    12                              <1>         add     sp, (__BITS__ >> 3) * (%0 - 1)
    13                              <1>     %endif
    14                              <1> 
    15                              <1> %endmacro
    16                              <1> 
    17                              <1> struc drive
    18 00000000 <res 00000002>      <1>         .no     resw    1
    19 00000002 <res 00000002>      <1>         .cyln   resw    1
    20 00000004 <res 00000002>      <1>         .head   resw    1
    21 00000006 <res 00000002>      <1>         .sect   resw    1
    22                              <1> endstruc
     3                                  
     4                                          ORG     BOOT_LOAD
     5                                  
     6                                  entry:
     7                                  
     8 00000000 EB58                            jmp     ipl
     9 00000002 90<rept>                        times   90 - ($ - $$) db 0x90
    10                                  
    11                                  ipl:
    12 0000005A FA                              cli
    13                                      
    14 0000005B B80000                          mov     ax, 0x0000
    15 0000005E 8ED8                            mov     ds, ax
    16 00000060 8EC0                            mov     es, ax
    17 00000062 8ED0                            mov     ss, ax
    18 00000064 BC007C                          mov     sp, BOOT_LOAD
    19                                  
    20 00000067 FB                              sti
    21                                  
    22 00000068 8816[BA00]                      mov     [BOOT + drive.no], dl
    23                                  
    24 0000006C 68[9900]E8500083C4-             cdecl   puts, .s0
    24 00000074 02                 
    25                                  
    26 00000075 BB0F00                          mov     bx, BOOT_SECT - 1
    27 00000078 B9007E                          mov     cx, BOOT_LOAD + SECT_SIZE
    28                                  
    29 0000007B 515368[BA00]E89D00-             cdecl   read_chs, BOOT, bx, cx
    29 00000083 83C406             
    30                                  
    31 00000086 39D8                            cmp     ax, bx
    32 00000088 740C                    .10Q:   jz     .10E
    33 0000008A 68[A600]E8320083C4-     .10T:   cdecl   puts, .e0
    33 00000092 02                 
    34 00000093 E84B00                          call    reboot
    35                                  .10E:
    36                                  
    37 00000096 E95B05                          jmp     stage_2
    38                                  
    39 00000099 426F6F74696E672E2E-     .s0     db  "Booting...", 0x0A, 0x0D, 0
    39 000000A2 2E0A0D00           
    40 000000A6 4572726F723A207365-     .e0     db  "Error: sector read", 0
    40 000000AF 63746F722072656164-
    40 000000B8 00                 
    41                                  
    42 000000B9 00                      ALIGN 2, db 0
    43                                  BOOT:
    44                                      istruc  drive
    45 000000BA 0000                            at  drive.no,       dw 0
    46 000000BC 0000                            at  drive.cyln,     dw 0
    47 000000BE 0000                            at  drive.head,     dw 0
    48 000000C0 0200                            at  drive.sect,     dw 2
    49                                      iend
    50                                  
    51                                  %include    "../modules/real/puts.s"
     1                              <1> puts:
     2                              <1> 
     3 000000C2 55                  <1>         push    bp
     4 000000C3 89E5                <1>         mov     bp, sp
     5                              <1> 
     6 000000C5 50                  <1>         push    ax
     7 000000C6 53                  <1>         push    bx
     8 000000C7 56                  <1>         push    si
     9                              <1> 
    10 000000C8 8B7604              <1>         mov     si, [bp + 4]
    11                              <1> 
    12 000000CB B40E                <1>         mov     ah, 0x0E
    13 000000CD BB0000              <1>         mov     bx, 0x0000
    14 000000D0 FC                  <1>         cld
    15                              <1> .10L:
    16                              <1> 
    17 000000D1 AC                  <1>         lodsb
    18                              <1> 
    19 000000D2 3C00                <1>         cmp     al, 0
    20 000000D4 7404                <1>         je      .10E
    21                              <1> 
    22 000000D6 CD10                <1>         int     0x10
    23 000000D8 EBF7                <1>         jmp     .10L
    24                              <1> .10E:
    25                              <1> 
    26 000000DA 5E                  <1>         pop     si
    27 000000DB 5B                  <1>         pop     bx
    28 000000DC 58                  <1>         pop     ax
    29                              <1> 
    30 000000DD 89EC                <1>         mov     sp, bp
    31 000000DF 5D                  <1>         pop     bp
    32                              <1> 
    33 000000E0 C3                  <1>         ret
    52                                  %include    "../modules/real/reboot.s"
     1                              <1> reboot:
     2                              <1> 
     3 000000E1 68[FD00]E8DBFF83C4- <1>         cdecl   puts, .s0
     3 000000E9 02                  <1>
     4                              <1> 
     5                              <1> .10L:
     6                              <1> 
     7 000000EA B410                <1>         mov     ah, 0x10
     8 000000EC CD16                <1>         int     0x16
     9                              <1> 
    10 000000EE 3C20                <1>         cmp     al, ' '
    11 000000F0 75F8                <1>         jne     .10L
    12                              <1> 
    13 000000F2 68[1B01]E8CAFF83C4- <1>         cdecl   puts, .s1
    13 000000FA 02                  <1>
    14                              <1> 
    15 000000FB CD19                <1>         int     0x19
    16                              <1> 
    17 000000FD 0A0D50757368205350- <1> .s0     db  0x0A, 0x0D, "Push SPACE Key to reboot...", 0
    17 00000106 414345204B65792074- <1>
    17 0000010F 6F207265626F6F742E- <1>
    17 00000118 2E2E00              <1>
    18 0000011B 0A0D0A0D00          <1> .s1     db  0x0A, 0x0D, 0x0A, 0x0D, 0
    53                                  %include    "../modules/real/read_chs.s"
     1                              <1> read_chs:
     2                              <1> 
     3 00000120 55                  <1>         push    bp
     4 00000121 89E5                <1>         mov     bp, sp
     5 00000123 6A03                <1>         push    3
     6 00000125 6A00                <1>         push    0
     7                              <1> 
     8 00000127 53                  <1>         push    bx
     9 00000128 51                  <1>         push    cx
    10 00000129 52                  <1>         push    dx
    11 0000012A 06                  <1>         push    es
    12 0000012B 56                  <1>         push    si
    13                              <1> 
    14 0000012C 8B7604              <1>         mov     si, [bp + 4]
    15                              <1> 
    16 0000012F 8A6C02              <1>         mov     ch, [si + drive.cyln + 0]
    17 00000132 8A4C03              <1>         mov     cl, [si + drive.cyln + 1]
    18 00000135 C0E106              <1>         shl     cl, 6
    19 00000138 0A4C06              <1>         or      cl, [si + drive.sect]
    20                              <1> 
    21 0000013B 8A7404              <1>         mov     dh, [si + drive.head]
    22 0000013E 8A14                <1>         mov     dl, [si + 0]
    23 00000140 B80000              <1>         mov     ax, 0x0000
    24 00000143 8EC0                <1>         mov     es, ax
    25 00000145 8B5E08              <1>         mov     bx, [bp + 8]
    26                              <1> .10L:
    27                              <1> 
    28 00000148 B402                <1>         mov     ah, 0x02
    29 0000014A 8A4606              <1>         mov     al, [bp + 6]
    30                              <1> 
    31 0000014D CD13                <1>         int     0x13
    32 0000014F 730C                <1>         jnc     .10E
    33                              <1> .11E:
    34                              <1> 
    35 00000151 3C00                <1>         cmp     al, 0
    36 00000153 7508                <1>         jne     .10E
    37                              <1> 
    38 00000155 B80000              <1>         mov     ax, 0
    39 00000158 FF4EFE              <1>         dec     word[bp - 2]
    40 0000015B 75EB                <1>         jnz     .10L
    41                              <1> .10E:
    42                              <1> 
    43 0000015D B400                <1>         mov     ah, 0
    44                              <1> 
    45 0000015F 5E                  <1>         pop     si
    46 00000160 07                  <1>         pop     es
    47 00000161 5A                  <1>         pop     dx
    48 00000162 59                  <1>         pop     cx
    49 00000163 5B                  <1>         pop     bx
    50                              <1> 
    51 00000164 89EC                <1>         mov     sp, bp
    52 00000166 5D                  <1>         pop     bp
    53                              <1> 
    54 00000167 C3                  <1>         ret
    54                                  
    55 00000168 00<rept>                        times   510 - ($ - $$) db 0x00
    56 000001FE 55AA                            db      0x55, 0xAA
    57                                  
    58                                  FONT:
    59 00000200 0000                    .seg:   dw 0
    60 00000202 0000                    .off:   dw 0
    61                                  ACPI_DATA:
    62 00000204 00000000                .adr:   dd 0
    63 00000208 00000000                .len:   dd 0
    64                                  
    65                                  %include    "../modules/real/itoa.s"
     1                              <1> itoa:
     2                              <1> 
     3 0000020C 55                  <1>         push    bp
     4 0000020D 89E5                <1>         mov     bp, sp
     5                              <1> 
     6 0000020F 50                  <1>         push    ax
     7 00000210 53                  <1>         push    bx
     8 00000211 51                  <1>         push    cx
     9 00000212 52                  <1>         push    dx
    10 00000213 56                  <1>         push    si
    11 00000214 57                  <1>         push    di
    12                              <1> 
    13 00000215 8B4604              <1>         mov     ax, [bp + 4]
    14 00000218 8B7606              <1>         mov     si, [bp + 6]
    15 0000021B 8B4E08              <1>         mov     cx, [bp + 8]
    16                              <1> 
    17 0000021E 89F7                <1>         mov     di, si
    18 00000220 01CF                <1>         add     di, cx
    19 00000222 4F                  <1>         dec     di
    20                              <1> 
    21 00000223 8B5E0C              <1>         mov     bx, word [bp + 12]
    22                              <1> 
    23 00000226 F7C30100            <1>         test    bx, 0b0001
    24 0000022A 7408                <1> .10Q:   je      .10E
    25 0000022C 83F800              <1>         cmp     ax, 0
    26 0000022F 7D03                <1> .12Q:   jge     .12E
    27 00000231 83CB02              <1>         or      bx, 0b0010
    28                              <1> .12E:
    29                              <1> .10E:
    30                              <1> 
    31 00000234 F7C30200            <1>         test    bx, 0b0010
    32 00000238 7410                <1> .20Q:   je      .20E
    33 0000023A 83F800              <1>         cmp     ax, 0
    34 0000023D 7D07                <1> .22Q:   jge     .22F
    35 0000023F F7D8                <1>         neg     ax
    36 00000241 C6042D              <1>         mov     [si], byte '-'
    37 00000244 EB03                <1>         jmp     .22E
    38                              <1> .22F:
    39                              <1> 
    40 00000246 C6042B              <1>         mov     [si], byte '+'
    41                              <1> .22E:
    42 00000249 49                  <1>         dec     cx
    43                              <1> .20E:
    44                              <1> 
    45 0000024A 8B5E0A              <1>         mov     bx, [bp + 10]
    46                              <1> .30L:
    47                              <1> 
    48 0000024D BA0000              <1>         mov     dx, 0
    49 00000250 F7F3                <1>         div     bx
    50                              <1> 
    51 00000252 89D6                <1>         mov     si, dx
    52 00000254 8A94[7C02]          <1>         mov     dl, byte [.ascii + si]
    53                              <1> 
    54 00000258 8815                <1>         mov     [di], dl
    55 0000025A 4F                  <1>         dec     di
    56                              <1> 
    57 0000025B 83F800              <1>         cmp     ax, 0
    58 0000025E E0ED                <1>         loopnz  .30L
    59                              <1> .30E:
    60                              <1> 
    61 00000260 83F900              <1>         cmp     cx, 0
    62 00000263 740D                <1> .40Q:   je      .40E
    63 00000265 B020                <1>         mov     al, ' '
    64 00000267 837E0C04            <1>         cmp     [bp + 12], word 0b0100
    65 0000026B 7502                <1> .42Q:   jne     .42E
    66 0000026D B030                <1>         mov     al, '0'
    67                              <1> .42E:
    68 0000026F FD                  <1>         std
    69 00000270 F3AA                <1>         rep stosb
    70                              <1> .40E:
    71                              <1> 
    72 00000272 5F                  <1>         pop     di
    73 00000273 5E                  <1>         pop     si
    74 00000274 5A                  <1>         pop     dx
    75 00000275 59                  <1>         pop     cx
    76 00000276 5B                  <1>         pop     bx
    77 00000277 58                  <1>         pop     ax
    78                              <1> 
    79 00000278 89EC                <1>         mov     sp, bp
    80 0000027A 5D                  <1>         pop     bp
    81                              <1> 
    82 0000027B C3                  <1>         ret
    83                              <1> 
    84 0000027C 303132333435363738- <1> .ascii  db      "0123456789ABCDEF"
    84 00000285 39414243444546      <1>
    66                                  %include    "../modules/real/get_drive_param.s"
     1                              <1> get_drive_param:
     2                              <1> 
     3 0000028C 55                  <1>         push    bp
     4 0000028D 89E5                <1>         mov     bp, sp
     5                              <1> 
     6 0000028F 53                  <1>         push    bx
     7 00000290 51                  <1>         push    cx
     8 00000291 06                  <1>         push    es
     9 00000292 56                  <1>         push    si
    10 00000293 57                  <1>         push    di
    11                              <1> 
    12 00000294 8B7604              <1>         mov     si, [bp + 4]
    13                              <1> 
    14 00000297 B80000              <1>         mov     ax, 0
    15 0000029A 8EC0                <1>         mov     es, ax
    16 0000029C 89C7                <1>         mov     di, ax
    17                              <1> 
    18 0000029E B408                <1>         mov     ah, 0x08
    19 000002A0 8A14                <1>         mov     dl, [si + drive.no]
    20 000002A2 CD13                <1>         int     0x13
    21 000002A4 721B                <1> .10Q:   jc      .10F
    22                              <1> .10T:
    23 000002A6 88C8                <1>         mov     al, cl
    24 000002A8 83E03F              <1>         and     ax, 0x3F
    25                              <1> 
    26 000002AB C0E906              <1>         shr     cl, 6
    27 000002AE C1C908              <1>         ror     cx, 8
    28 000002B1 41                  <1>         inc     cx
    29                              <1> 
    30 000002B2 0FB6DE              <1>         movzx   bx, dh
    31 000002B5 43                  <1>         inc     bx
    32                              <1> 
    33 000002B6 894C02              <1>         mov     [si + drive.cyln], cx
    34 000002B9 895C04              <1>         mov     [si + drive.head], bx
    35 000002BC 894406              <1>         mov     [si + drive.sect], ax
    36                              <1> 
    37 000002BF EB03                <1>         jmp     .10E
    38                              <1> .10F:
    39                              <1> 
    40 000002C1 B80000              <1>         mov     ax, 0
    41                              <1> .10E:
    42                              <1> 
    43 000002C4 5F                  <1>         pop     di
    44 000002C5 5E                  <1>         pop     si
    45 000002C6 07                  <1>         pop     es
    46 000002C7 59                  <1>         pop     cx
    47 000002C8 5B                  <1>         pop     bx
    48                              <1> 
    49 000002C9 89EC                <1>         mov     sp, bp
    50 000002CB 5D                  <1>         pop     bp
    51                              <1> 
    52 000002CC C3                  <1>         ret
    67                                  %include    "../modules/real/get_font_adr.s"
     1                              <1> get_font_adr:
     2                              <1> 
     3 000002CD 55                  <1>         push    bp
     4 000002CE 89E5                <1>         mov     bp, sp
     5                              <1> 
     6 000002D0 50                  <1>         push    ax
     7 000002D1 53                  <1>         push    bx
     8 000002D2 56                  <1>         push    si
     9 000002D3 06                  <1>         push    es
    10 000002D4 55                  <1>         push    bp
    11                              <1> 
    12 000002D5 8B7604              <1>         mov     si, [bp + 4]
    13                              <1> 
    14 000002D8 B83011              <1>         mov     ax, 0x1130
    15 000002DB B706                <1>         mov     bh, 0x06
    16 000002DD CD10                <1>         int     10h
    17                              <1> 
    18 000002DF 8C04                <1>         mov     [si + 0], es
    19 000002E1 896C02              <1>         mov     [si + 2], bp
    20                              <1> 
    21 000002E4 5D                  <1>         pop     bp
    22 000002E5 07                  <1>         pop     es
    23 000002E6 5E                  <1>         pop     si
    24 000002E7 5B                  <1>         pop     bx
    25 000002E8 58                  <1>         pop     ax
    26                              <1> 
    27 000002E9 89EC                <1>         mov     sp, bp
    28 000002EB 5D                  <1>         pop     bp
    29                              <1> 
    30 000002EC C3                  <1>         ret
    68                                  %include    "../modules/real/get_mem_info.s"
     1                              <1> get_mem_info:
     2                              <1> 
     3 000002ED 6650                <1>         push    eax
     4 000002EF 6653                <1>         push    ebx
     5 000002F1 6651                <1>         push    ecx
     6 000002F3 6652                <1>         push    edx
     7 000002F5 56                  <1>         push    si
     8 000002F6 57                  <1>         push    di
     9 000002F7 55                  <1>         push    bp
    10                              <1> 
    11 000002F8 BD0000              <1>         mov     bp, 0
    12 000002FB 66BB00000000        <1>         mov     ebx, 0
    13                              <1> .10L:
    14                              <1> 
    15 00000301 66B820E80000        <1>         mov     eax, 0x0000E820
    16                              <1> 
    17 00000307 66B914000000        <1>         mov     ecx, E820_RECORD_SIZE
    18 0000030D 66BA50414D53        <1>         mov     edx, 'PAMS'
    19 00000313 BF[1004]            <1>         mov     di, .b0
    20 00000316 CD15                <1>         int     0x15
    21                              <1> 
    22 00000318 663D50414D53        <1>         cmp     eax, 'PAMS'
    23 0000031E 7402                <1>         je      .12E
    24 00000320 EB4C                <1>         jmp     .10E
    25                              <1> .12E:
    26                              <1> 
    27 00000322 7302                <1>         jnc     .14E
    28 00000324 EB48                <1>         jmp     .10E
    29                              <1> .14E:
    30                              <1> 
    31 00000326 57E8FA0083C402      <1>         cdecl   put_mem_info, di
    32                              <1> 
    33 0000032D 668B4510            <1>         mov     eax, [di + 16]
    34 00000331 6683F803            <1>         cmp     eax, 3
    35 00000335 750F                <1>         jne     .15E
    36                              <1> 
    37 00000337 668B05              <1>         mov     eax, [di + 0]
    38 0000033A 66A3[0402]          <1>         mov     [ACPI_DATA.adr], eax
    39                              <1> 
    40 0000033E 668B4508            <1>         mov     eax, [di + 8]
    41 00000342 66A3[0802]          <1>         mov     [ACPI_DATA.len], eax
    42                              <1> .15E:
    43                              <1> 
    44 00000346 6683FB00            <1>         cmp     ebx, 0
    45 0000034A 741C                <1>         jz      .16E
    46                              <1> 
    47 0000034C 45                  <1>         inc     bp
    48 0000034D 83E507              <1>         and     bp, 0x07
    49 00000350 7516                <1>         jnz     .16E
    50                              <1> 
    51 00000352 68[F603]E86AFD83C4- <1>         cdecl   puts, .s2
    51 0000035A 02                  <1>
    52                              <1> 
    53 0000035B B410                <1>         mov     ah, 0x10
    54 0000035D CD16                <1>         int     0x16
    55                              <1> 
    56 0000035F 68[0104]E85DFD83C4- <1>         cdecl   puts, .s3
    56 00000367 02                  <1>
    57                              <1> 
    58                              <1> .16E:
    59                              <1> 
    60 00000368 6683FB00            <1>         cmp     ebx, 0
    61 0000036C 7593                <1>         jne     .10L
    62                              <1> .10E:
    63                              <1> 
    64 0000036E 68[C603]E84EFD83C4- <1>         cdecl   puts, .s1
    64 00000376 02                  <1>
    65                              <1> 
    66 00000377 5D                  <1> 		pop		bp
    67 00000378 5F                  <1> 		pop		di
    68 00000379 5E                  <1> 		pop		si
    69 0000037A 665A                <1> 		pop		edx
    70 0000037C 6659                <1> 		pop		ecx
    71 0000037E 665B                <1> 		pop		ebx
    72 00000380 6658                <1> 		pop		eax
    73                              <1> 
    74 00000382 C3                  <1> 		ret
    75                              <1> 
    76 00000383 2045383230204D656D- <1> .s0:	db " E820 Memory Map:", 0x0A, 0x0D
    76 0000038C 6F7279204D61703A0A- <1>
    76 00000395 0D                  <1>
    77 00000396 20426173655F5F5F5F- <1> 		db " Base_____________ Length___________ Type____", 0x0A, 0x0D, 0
    77 0000039F 5F5F5F5F5F5F5F5F5F- <1>
    77 000003A8 204C656E6774685F5F- <1>
    77 000003B1 5F5F5F5F5F5F5F5F5F- <1>
    77 000003BA 20547970655F5F5F5F- <1>
    77 000003C3 0A0D00              <1>
    78 000003C6 202D2D2D2D2D2D2D2D- <1> .s1:	db " ----------------- ----------------- --------", 0x0A, 0x0D, 0
    78 000003CF 2D2D2D2D2D2D2D2D2D- <1>
    78 000003D8 202D2D2D2D2D2D2D2D- <1>
    78 000003E1 2D2D2D2D2D2D2D2D2D- <1>
    78 000003EA 202D2D2D2D2D2D2D2D- <1>
    78 000003F3 0A0D00              <1>
    79 000003F6 203C6D6F72652E2E2E- <1> .s2:	db " <more...>", 0
    79 000003FF 3E00                <1>
    80 00000401 0D2020202020202020- <1> .s3:	db 0x0D, "          ", 0x0D, 0
    80 0000040A 20200D00            <1>
    81                              <1> 
    82 0000040E 00<rept>            <1> ALIGN 4, db 0
    83 00000410 00<rept>            <1> .b0:	times E820_RECORD_SIZE db 0
    84                              <1> 
    85                              <1> 
    86                              <1> put_mem_info:
    87                              <1> 
    88 00000424 55                  <1>         push    bp
    89 00000425 89E5                <1>         mov     bp, sp
    90                              <1> 
    91 00000427 53                  <1>         push    bx
    92 00000428 56                  <1>         push    si
    93                              <1> 
    94 00000429 8B7604              <1>         mov     si, [bp + 4]
    95                              <1> 
    96 0000042C 6A046A106A0468-     <1>         cdecl	itoa, word [si + 6], .p2 + 0, 4, 16, 0b0100
    96 00000433 [0305]FF7406E8D1FD- <1>
    96 0000043B 83C40A              <1>
    97 0000043E 6A046A106A0468-     <1> 		cdecl	itoa, word [si + 4], .p2 + 4, 4, 16, 0b0100
    97 00000445 [0705]FF7404E8BFFD- <1>
    97 0000044D 83C40A              <1>
    98 00000450 6A046A106A0468-     <1> 		cdecl	itoa, word [si + 2], .p3 + 0, 4, 16, 0b0100
    98 00000457 [0C05]FF7402E8ADFD- <1>
    98 0000045F 83C40A              <1>
    99 00000462 6A046A106A0468-     <1> 		cdecl	itoa, word [si + 0], .p3 + 4, 4, 16, 0b0100
    99 00000469 [1005]FF34E89CFD83- <1>
    99 00000471 C40A                <1>
   100                              <1> 
   101 00000473 6A046A106A0468-     <1> 		cdecl	itoa, word [si + 14], .p4 + 0, 4, 16, 0b0100
   101 0000047A [1505]FF740EE88AFD- <1>
   101 00000482 83C40A              <1>
   102 00000485 6A046A106A0468-     <1> 		cdecl	itoa, word [si + 12], .p4 + 4, 4, 16, 0b0100
   102 0000048C [1905]FF740CE878FD- <1>
   102 00000494 83C40A              <1>
   103 00000497 6A046A106A0468-     <1> 		cdecl	itoa, word [si + 10], .p5 + 0, 4, 16, 0b0100
   103 0000049E [1E05]FF740AE866FD- <1>
   103 000004A6 83C40A              <1>
   104 000004A9 6A046A106A0468-     <1> 		cdecl	itoa, word [si + 8], .p5 + 4, 4, 16, 0b0100
   104 000004B0 [2205]FF7408E854FD- <1>
   104 000004B8 83C40A              <1>
   105                              <1> 
   106 000004BB 6A046A106A0468-     <1> 		cdecl	itoa, word [si + 18], .p6 + 0, 4, 16, 0b0100
   106 000004C2 [2705]FF7412E842FD- <1>
   106 000004CA 83C40A              <1>
   107 000004CD 6A046A106A0468-     <1> 		cdecl	itoa, word [si + 16], .p6 + 4, 4, 16, 0b0100
   107 000004D4 [2B05]FF7410E830FD- <1>
   107 000004DC 83C40A              <1>
   108                              <1> 
   109 000004DF 68[0205]E8DDFB83C4- <1> 		cdecl	puts, .s1
   109 000004E7 02                  <1>
   110                              <1> 
   111 000004E8 8B5C10              <1>         mov     bx, [si + 16]
   112 000004EB 83E307              <1>         and     bx, 0x07
   113 000004EE D1E3                <1>         shl     bx, 1
   114 000004F0 81C3[8405]          <1>         add     bx, .t0
   115 000004F4 FF37E8C9FB83C402    <1>         cdecl   puts, word [bx]
   116                              <1> 
   117 000004FC 5E                  <1>         pop     si
   118 000004FD 5B                  <1>         pop     bx
   119                              <1> 
   120 000004FE 89EC                <1>         mov     sp, bp
   121 00000500 5D                  <1>         pop     bp
   122                              <1> 
   123 00000501 C3                  <1>         ret
   124                              <1> 
   125 00000502 20                  <1> .s1:	db " "
   126 00000503 5A5A5A5A5A5A5A5A5F  <1> .p2:	db "ZZZZZZZZ_"
   127 0000050C 5A5A5A5A5A5A5A5A20  <1> .p3:	db "ZZZZZZZZ "
   128 00000515 5A5A5A5A5A5A5A5A5F  <1> .p4:	db "ZZZZZZZZ_"
   129 0000051E 5A5A5A5A5A5A5A5A20  <1> .p5:	db "ZZZZZZZZ "
   130 00000527 5A5A5A5A5A5A5A5A00  <1> .p6:	db "ZZZZZZZZ", 0
   131                              <1> 
   132 00000530 2028556E6B6E6F776E- <1> .s4:	db " (Unknown)", 0x0A, 0x0D, 0
   132 00000539 290A0D00            <1>
   133 0000053D 2028757361626C6529- <1> .s5:	db " (usable)", 0x0A, 0x0D, 0
   133 00000546 0A0D00              <1>
   134 00000549 202872657365727665- <1> .s6:	db " (reserved)", 0x0A, 0x0D, 0
   134 00000552 64290A0D00          <1>
   135 00000557 202841435049206461- <1> .s7:	db " (ACPI data)", 0x0A, 0x0D, 0
   135 00000560 7461290A0D00        <1>
   136 00000566 202841435049204E56- <1> .s8:	db " (ACPI NVS)", 0x0A, 0x0D, 0
   136 0000056F 53290A0D00          <1>
   137 00000574 2028626164206D656D- <1> .s9:	db " (bad memory)", 0x0A, 0x0D, 0
   137 0000057D 6F7279290A0D00      <1>
   138                              <1> 
   139 00000584 [3005][3D05][4905]- <1> .t0:	dw .s4, .s5, .s6, .s7, .s8, .s9, .s4, .s4
   139 0000058A [5705][6605][7405]- <1>
   139 00000590 [3005][3005]        <1>
    69                                  %include    "../modules/real/kbc.s"
     1                              <1> KBC_Data_Write:
     2                              <1> 
     3 00000594 55                  <1> 		push	bp								
     4 00000595 89E5                <1> 		mov		bp, sp				
     5                              <1> 
     6 00000597 51                  <1> 		push	cx
     7                              <1> 
     8 00000598 B90000              <1> 		mov		cx, 0
     9                              <1> .10L:
    10                              <1> 
    11 0000059B E464                <1> 		in		al, 0x64
    12 0000059D A802                <1> 		test    al, 0x02
    13 0000059F E0FA                <1> 		loopnz	.10L
    14                              <1> 
    15 000005A1 83F900              <1> 		cmp		cx, 0
    16 000005A4 7405                <1> 		jz		.20E
    17                              <1> 
    18 000005A6 8A4604              <1>         mov		al, [bp +  4]
    19 000005A9 E660                <1> 		out    	0x60, al	
    20                              <1> .20E:
    21                              <1>  
    22 000005AB 89C8                <1> 		mov		ax, cx
    23                              <1> 
    24 000005AD 59                  <1> 		pop		cx
    25                              <1> 
    26 000005AE 89EC                <1> 		mov		sp, bp
    27 000005B0 5D                  <1> 		pop		bp
    28                              <1> 
    29 000005B1 C3                  <1> 		ret
    30                              <1> 
    31                              <1> KBC_Data_Read:
    32                              <1> 
    33 000005B2 55                  <1> 		push	bp
    34 000005B3 89E5                <1> 		mov		bp, sp
    35                              <1> 
    36 000005B5 51                  <1> 		push	cx
    37 000005B6 57                  <1> 		push	di
    38 000005B7 B90000              <1> 		mov		cx, 0
    39                              <1> .10L:				
    40                              <1> 
    41 000005BA E464                <1> 		in		al, 0x64
    42 000005BC A801                <1> 		test    al, 0x01
    43 000005BE E1FA                <1> 		loopz	.10L	
    44                              <1> 
    45 000005C0 83F900              <1> 		cmp		cx, 0
    46 000005C3 7409                <1> 		jz		.20E
    47                              <1> 
    48 000005C5 B400                <1> 		mov		ah, 0x00
    49 000005C7 E460                <1> 		in     	al, 0x60
    50                              <1>    
    51 000005C9 8B7E04              <1> 		mov		di, [bp + 4]
    52 000005CC 8905                <1> 		mov		[di + 0], ax
    53                              <1> .20E:
    54                              <1>  
    55 000005CE 89C8                <1> 		mov		ax, cx
    56                              <1> 
    57 000005D0 5F                  <1> 		pop		di
    58 000005D1 59                  <1> 		pop		cx
    59                              <1> 
    60 000005D2 89EC                <1> 		mov		sp, bp
    61 000005D4 5D                  <1> 		pop		bp
    62                              <1> 
    63 000005D5 C3                  <1> 		ret
    64                              <1> 
    65                              <1> KBC_Cmd_Write:
    66                              <1> 
    67 000005D6 55                  <1> 		push	bp
    68 000005D7 89E5                <1> 		mov		bp, sp
    69                              <1> 
    70 000005D9 51                  <1> 		push	cx
    71                              <1> 
    72 000005DA B90000              <1> 		mov		cx, 0
    73                              <1> .10L:	
    74                              <1> 			
    75 000005DD E464                <1> 		in		al, 0x64
    76 000005DF A802                <1> 		test    al, 0x02
    77 000005E1 E0FA                <1> 		loopnz	.10L
    78                              <1> 
    79 000005E3 83F900              <1> 		cmp		cx, 0
    80 000005E6 7405                <1> 		jz		.20E
    81                              <1> 
    82 000005E8 8A4604              <1> 		mov		al, [bp + 4]
    83 000005EB E664                <1> 		out    	0x64, al
    84                              <1> .20E:
    85                              <1> 
    86 000005ED 89C8                <1> 		mov		ax, cx
    87                              <1> 
    88 000005EF 59                  <1> 		pop		cx
    89                              <1> 
    90 000005F0 89EC                <1> 		mov		sp, bp
    91 000005F2 5D                  <1> 		pop		bp
    92                              <1> 
    93 000005F3 C3                  <1> 		ret
    94                              <1> 
    70                                  
    71                                  stage_2:
    72                                  
    73 000005F4 68[6E06]E8C8FA83C4-     		cdecl	puts, .s0
    73 000005FC 02                 
    74                                  
    75 000005FD 68[BA00]E889FC83C4-     		cdecl	get_drive_param, BOOT
    75 00000605 02                 
    76 00000606 83F800                  		cmp		ax, 0
    77 00000609 750C                    .10Q:	jne		.10E
    78 0000060B 68[A506]E8B1FA83C4-     .10T:	cdecl	puts, .e0
    78 00000613 02                 
    79 00000614 E8CAFA                  		call	reboot
    80                                  .10E:
    81                                  
    82 00000617 A1[BA00]                		mov		ax, [BOOT + drive.no]
    83 0000061A 6A046A106A0268-         		cdecl	itoa, ax, .p1, 2, 16, 0b0100
    83 00000621 [8606]50E8E5FB83C4-
    83 00000629 0A                 
    84 0000062A A1[BC00]                		mov		ax, [BOOT + drive.cyln]
    85 0000062D 6A046A106A0468-         		cdecl	itoa, ax, .p2, 4, 16, 0b0100
    85 00000634 [8E06]50E8D2FB83C4-
    85 0000063C 0A                 
    86 0000063D A1[BE00]                		mov		ax, [BOOT + drive.head]
    87 00000640 6A046A106A0268-         		cdecl	itoa, ax, .p3, 2, 16, 0b0100
    87 00000647 [9806]50E8BFFB83C4-
    87 0000064F 0A                 
    88 00000650 A1[C000]                		mov		ax, [BOOT + drive.sect]
    89 00000653 6A046A106A0268-         		cdecl	itoa, ax, .p4, 2, 16, 0b0100
    89 0000065A [A006]50E8ACFB83C4-
    89 00000662 0A                 
    90 00000663 68[7D06]E859FA83C4-     		cdecl	puts, .s1
    90 0000066B 02                 
    91                                  
    92 0000066C EB52                    		jmp		stage_3
    93                                  
    94 0000066E 326E64207374616765-     .s0		db	"2nd stage...", 0x0A, 0x0D, 0
    94 00000677 2E2E2E0A0D00       
    95                                  
    96 0000067D 2044726976653A3078      .s1		db	" Drive:0x"
    97 00000686 20202C20433A3078        .p1		db	"  , C:0x"
    98 0000068E 202020202C20483A30-     .p2		db	"    , H:0x"
    98 00000697 78                 
    99 00000698 20202C20533A3078        .p3		db	"  , S:0x"
   100 000006A0 20200A0D00              .p4		db	"  ", 0x0A, 0x0D, 0
   101                                  
   102 000006A5 43616E277420676574-     .e0		db	"Can't get drive parameter.", 0
   102 000006AE 206472697665207061-
   102 000006B7 72616D657465722E00 
   103                                  
   104                                  stage_3:
   105                                  
   106 000006C0 68[3D07]E8FCF983C4-             cdecl   puts, .s0
   106 000006C8 02                 
   107                                  
   108 000006C9 68[0002]E8FEFB83C4-             cdecl   get_font_adr, FONT
   108 000006D1 02                 
   109                                  
   110 000006D2 6A046A106A0468-                 cdecl   itoa, word [FONT.seg], .p1, 4, 16, 0b0100
   110 000006D9 [5907]FF36[0002]E8-
   110 000006E0 2AFB83C40A         
   111 000006E5 6A046A106A0468-                 cdecl   itoa, word [FONT.off], .p2, 4, 16, 0b0100
   111 000006EC [5D07]FF36[0202]E8-
   111 000006F3 17FB83C40A         
   112 000006F8 68[4C07]E8C4F983C4-             cdecl   puts, .s1
   112 00000700 02                 
   113                                  
   114 00000701 E8E9FB                          cdecl   get_mem_info
   115                                  
   116 00000704 66A1[0402]                      mov     eax, [ACPI_DATA.adr]
   117 00000708 6683F800                        cmp     eax, 0
   118 0000070C 742D                            je      .10E
   119                                  
   120 0000070E 6A046A106A0468-                 cdecl   itoa, ax, .p4, 4, 16, 0b0100
   120 00000715 [7507]50E8F1FA83C4-
   120 0000071D 0A                 
   121 0000071E 66C1E810                        shr     eax, 16
   122 00000722 6A046A106A0468-                 cdecl   itoa, ax, .p3, 4, 16, 0b0100
   122 00000729 [7107]50E8DDFA83C4-
   122 00000731 0A                 
   123                                  
   124 00000732 68[6707]E88AF983C4-             cdecl   puts, .s2
   124 0000073A 02                 
   125                                  .10E:
   126                                  
   127 0000073B EB3F                            jmp     stage_4
   128                                  
   129 0000073D 337264207374616765-     .s0     db  "3rd stage...", 0x0A, 0x0D, 0
   129 00000746 2E2E2E0A0D00       
   130 0000074C 466F6E742041646472-     .s1     db  "Font Address="
   130 00000755 6573733D           
   131 00000759 5A5A5A5A                .p1     db  "ZZZZ"
   132 0000075D 5A5A5A5A0A0D00          .p2     db  "ZZZZ", 0x0A, 0x0D, 0
   133 00000764 0A0D00                          db  0x0A, 0x0D, 0
   134                                      
   135 00000767 414350492064617461-     .s2     db  "ACPI data="
   135 00000770 3D                 
   136 00000771 5A5A5A5A                .p3     db  "ZZZZ"
   137 00000775 5A5A5A5A0A0D00          .p4     db  "ZZZZ", 0x0A, 0x0D, 0
   138                                      
   139                                  stage_4:
   140                                  
   141 0000077C 68[CD07]E840F983C4-             cdecl   puts, .s0
   141 00000784 02                 
   142                                  
   143 00000785 FA                              cli
   144                                  
   145 00000786 68AD00E84AFE83C402              cdecl   KBC_Cmd_Write, 0xAD
   146                                  
   147 0000078F 68D000E841FE83C402              cdecl   KBC_Cmd_Write, 0xD0
   148 00000798 68[EF07]E814FE83C4-             cdecl   KBC_Data_Read, .key
   148 000007A0 02                 
   149                                  
   150 000007A1 8A1E[EF07]                      mov     bl, [.key]
   151 000007A5 80CB02                          or      bl, 0x02
   152                                  
   153 000007A8 68D100E828FE83C402              cdecl   KBC_Cmd_Write, 0xD1
   154 000007B1 53E8DFFD83C402                  cdecl   KBC_Data_Write, bx
   155                                  
   156 000007B8 68AE00E818FE83C402              cdecl   KBC_Cmd_Write, 0xAE
   157                                  
   158 000007C1 FB                              sti
   159                                  
   160 000007C2 68[DC07]E8FAF883C4-             cdecl   puts, .s1
   160 000007CA 02                 
   161                                  
   162 000007CB EBFE                            jmp     $
   163                                  
   164 000007CD 347468207374616765-     .s0     db  "4th stage...", 0x0A, 0x0D, 0
   164 000007D6 2E2E2E0A0D00       
   165 000007DC 413230204761746520-     .s1     db  "A20 Gate Enabled", 0x0A, 0x0D, 0
   165 000007E5 456E61626C65640A0D-
   165 000007EE 00                 
   166                                  
   167 000007EF 0000                    .key    dw  0
   168                                  
   169 000007F1 00<rept>                        times   BOOT_SIZE - ($ - $$)   db 0
