     1                                  %include    "../include/define.s"
     1                              <1>         BOOT_LOAD           equ     0x7C00
     2                              <1> 
     3                              <1>         BOOT_SIZE           equ     (1024 * 8)
     4                              <1>         SECT_SIZE           equ     (512)
     5                              <1>         BOOT_SECT           equ     (BOOT_SIZE / SECT_SIZE)
     6                              <1> 
     7                              <1>         E820_RECORD_SIZE    equ     20
     2                                  %include    "../include/macro.s"
     1                              <1> %macro  cdecl 1-*.nolist
     2                              <1> 
     3                              <1>     %rep  %0 -1
     4                              <1>         push    %{-1:-1}
     5                              <1>         %rotate -1
     6                              <1>     %endrep
     7                              <1>     %rotate -1
     8                              <1> 
     9                              <1>         call    %1
    10                              <1> 
    11                              <1>     %if  1 < %0
    12                              <1>         add     sp, (__BITS__ >> 3) * (%0 - 1)
    13                              <1>     %endif
    14                              <1> 
    15                              <1> %endmacro
    16                              <1> 
    17                              <1> struc drive
    18 00000000 <res 00000002>      <1>         .no     resw    1
    19 00000002 <res 00000002>      <1>         .cyln   resw    1
    20 00000004 <res 00000002>      <1>         .head   resw    1
    21 00000006 <res 00000002>      <1>         .sect   resw    1
    22                              <1> endstruc
     3                                  
     4                                          ORG     BOOT_LOAD
     5                                  
     6                                  entry:
     7                                  
     8 00000000 EB58                            jmp     ipl
     9 00000002 90<rept>                     times   90 - ($ - $$) db 0x90
    10                                  
    11                                  ipl:
    12 0000005A FA                              cli
    13                                      
    14 0000005B B80000                          mov     ax, 0x0000
    15 0000005E 8ED8                            mov     ds, ax
    16 00000060 8EC0                            mov     es, ax
    17 00000062 8ED0                            mov     ss, ax
    18 00000064 BC007C                          mov     sp, BOOT_LOAD
    19                                  
    20 00000067 FB                              sti
    21                                  
    22 00000068 8816[BA00]                      mov     [BOOT + drive.no], dl
    23                                  
    24 0000006C 68[9900]E8500083C4-             cdecl   puts, .s0
    24 00000074 02                 
    25                                  
    26 00000075 BB0F00                          mov     bx, BOOT_SECT - 1
    27 00000078 B9007E                          mov     cx, BOOT_LOAD + SECT_SIZE
    28                                  
    29 0000007B 515368[BA00]E89D00-             cdecl   read_chs, BOOT, bx, cx
    29 00000083 83C406             
    30                                  
    31 00000086 39D8                            cmp     ax, bx
    32 00000088 740C                    .10Q:   jz     .10E
    33 0000008A 68[A600]E8320083C4-     .10T:   cdecl   puts, .e0
    33 00000092 02                 
    34 00000093 E84B00                          call    reboot
    35                                  .10E:
    36                                  
    37 00000096 E9F704                          jmp     stage_2
    38                                  
    39 00000099 426F6F74696E672E2E-     .s0     db  "Booting...", 0x0A, 0x0D, 0
    39 000000A2 2E0A0D00           
    40 000000A6 4572726F723A207365-     .e0     db  "Error: sector read", 0
    40 000000AF 63746F722072656164-
    40 000000B8 00                 
    41                                  
    42 000000B9 00                      ALIGN 2, db 0
    43                                  BOOT:
    44                                      istruc  drive
    45 000000BA 0000                            at  drive.no,       dw 0
    46 000000BC 0000                            at  drive.cyln,     dw 0
    47 000000BE 0000                            at  drive.head,     dw 0
    48 000000C0 0200                            at  drive.sect,     dw 2
    49                                      iend
    50                                  
    51                                  %include    "../modules/real/puts.s"
     1                              <1> puts:
     2                              <1> 
     3 000000C2 55                  <1>         push    bp
     4 000000C3 89E5                <1>         mov     bp, sp
     5                              <1> 
     6 000000C5 50                  <1>         push    ax
     7 000000C6 53                  <1>         push    bx
     8 000000C7 56                  <1>         push    si
     9                              <1> 
    10 000000C8 8B7604              <1>         mov     si, [bp + 4]
    11                              <1> 
    12 000000CB B40E                <1>         mov     ah, 0x0E
    13 000000CD BB0000              <1>         mov     bx, 0x0000
    14 000000D0 FC                  <1>         cld
    15                              <1> .10L:
    16                              <1> 
    17 000000D1 AC                  <1>         lodsb
    18                              <1> 
    19 000000D2 3C00                <1>         cmp     al, 0
    20 000000D4 7404                <1>         je      .10E
    21                              <1> 
    22 000000D6 CD10                <1>         int     0x10
    23 000000D8 EBF7                <1>         jmp     .10L
    24                              <1> .10E:
    25                              <1> 
    26 000000DA 5E                  <1>         pop     si
    27 000000DB 5B                  <1>         pop     bx
    28 000000DC 58                  <1>         pop     ax
    29                              <1> 
    30 000000DD 89EC                <1>         mov     sp, bp
    31 000000DF 5D                  <1>         pop     bp
    32                              <1> 
    33 000000E0 C3                  <1>         ret
    52                                  %include    "../modules/real/reboot.s"
     1                              <1> reboot:
     2                              <1> 
     3 000000E1 68[FD00]E8DBFF83C4- <1>         cdecl   puts, .s0
     3 000000E9 02                  <1>
     4                              <1> 
     5                              <1> .10L:
     6                              <1> 
     7 000000EA B410                <1>         mov     ah, 0x10
     8 000000EC CD16                <1>         int     0x16
     9                              <1> 
    10 000000EE 3C20                <1>         cmp     al, ' '
    11 000000F0 75F8                <1>         jne     .10L
    12                              <1> 
    13 000000F2 68[1B01]E8CAFF83C4- <1>         cdecl   puts, .s1
    13 000000FA 02                  <1>
    14                              <1> 
    15 000000FB CD19                <1>         int     0x19
    16                              <1> 
    17 000000FD 0A0D50757368205350- <1> .s0     db  0x0A, 0x0D, "Push SPACE Key to reboot...", 0
    17 00000106 414345204B65792074- <1>
    17 0000010F 6F207265626F6F742E- <1>
    17 00000118 2E2E00              <1>
    18 0000011B 0A0D0A0D00          <1> .s1     db  0x0A, 0x0D, 0x0A, 0x0D, 0
    53                                  %include    "../modules/real/read_chs.s"
     1                              <1> read_chs:
     2                              <1> 
     3 00000120 55                  <1>         push    bp
     4 00000121 89E5                <1>         mov     bp, sp
     5 00000123 6A03                <1>         push    3
     6 00000125 6A00                <1>         push    0
     7                              <1> 
     8 00000127 53                  <1>         push    bx
     9 00000128 51                  <1>         push    cx
    10 00000129 52                  <1>         push    dx
    11 0000012A 06                  <1>         push    es
    12 0000012B 56                  <1>         push    si
    13                              <1> 
    14 0000012C 8B7604              <1>         mov     si, [bp + 4]
    15                              <1> 
    16 0000012F 8A6C02              <1>         mov     ch, [si + drive.cyln + 0]
    17 00000132 8A4C03              <1>         mov     cl, [si + drive.cyln + 1]
    18 00000135 C0E106              <1>         shl     cl, 6
    19 00000138 0A4C06              <1>         or      cl, [si + drive.sect]
    20                              <1> 
    21 0000013B 8A7404              <1>         mov     dh, [si + drive.head]
    22 0000013E 8A14                <1>         mov     dl, [si + 0]
    23 00000140 B80000              <1>         mov     ax, 0x0000
    24 00000143 8EC0                <1>         mov     es, ax
    25 00000145 8B5E08              <1>         mov     bx, [bp + 8]
    26                              <1> .10L:
    27                              <1> 
    28 00000148 B402                <1>         mov     ah, 0x02
    29 0000014A 8A4606              <1>         mov     al, [bp + 6]
    30                              <1> 
    31 0000014D CD13                <1>         int     0x13
    32 0000014F 730C                <1>         jnc     .10E
    33                              <1> .11E:
    34                              <1> 
    35 00000151 3C00                <1>         cmp     al, 0
    36 00000153 7508                <1>         jne     .10E
    37                              <1> 
    38 00000155 B80000              <1>         mov     ax, 0
    39 00000158 FF4EFE              <1>         dec     word[bp - 2]
    40 0000015B 75EB                <1>         jnz     .10L
    41                              <1> .10E:
    42                              <1> 
    43 0000015D B400                <1>         mov     ah, 0
    44                              <1> 
    45 0000015F 5E                  <1>         pop     si
    46 00000160 07                  <1>         pop     es
    47 00000161 5A                  <1>         pop     dx
    48 00000162 59                  <1>         pop     cx
    49 00000163 5B                  <1>         pop     bx
    50                              <1> 
    51 00000164 89EC                <1>         mov     sp, bp
    52 00000166 5D                  <1>         pop     bp
    53                              <1> 
    54 00000167 C3                  <1>         ret
    54                                  
    55 00000168 00<rept>                        times   510 - ($ - $$) db 0x00
    56 000001FE 55AA                            db      0x55, 0xAA
    57                                  
    58                                  FONT:
    59 00000200 0000                    .seg:   dw 0
    60 00000202 0000                    .off:   dw 0
    61                                  ACPI_DATA:
    62 00000204 00000000                .adr:   dd 0
    63 00000208 00000000                .len:   dd 0
    64                                  
    65                                  %include    "../modules/real/itoa.s"
     1                              <1> itoa:
     2                              <1> 
     3 0000020C 55                  <1>         push    bp
     4 0000020D 89E5                <1>         mov     bp, sp
     5                              <1> 
     6 0000020F 50                  <1>         push    ax
     7 00000210 53                  <1>         push    bx
     8 00000211 51                  <1>         push    cx
     9 00000212 52                  <1>         push    dx
    10 00000213 56                  <1>         push    si
    11 00000214 57                  <1>         push    di
    12                              <1> 
    13 00000215 8B4604              <1>         mov     ax, [bp + 4]
    14 00000218 8B7606              <1>         mov     si, [bp + 6]
    15 0000021B 8B4E08              <1>         mov     cx, [bp + 8]
    16                              <1> 
    17 0000021E 89F7                <1>         mov     di, si
    18 00000220 01CF                <1>         add     di, cx
    19 00000222 4F                  <1>         dec     di
    20                              <1> 
    21 00000223 8B5E0C              <1>         mov     bx, word [bp + 12]
    22                              <1> 
    23 00000226 F7C30100            <1>         test    bx, 0b0001
    24 0000022A 7408                <1> .10Q:   je      .10E
    25 0000022C 83F800              <1>         cmp     ax, 0
    26 0000022F 7D03                <1> .12Q:   jge     .12E
    27 00000231 83CB02              <1>         or      bx, 0b0010
    28                              <1> .12E:
    29                              <1> .10E:
    30                              <1> 
    31 00000234 F7C30200            <1>         test    bx, 0b0010
    32 00000238 7410                <1> .20Q:   je      .20E
    33 0000023A 83F800              <1>         cmp     ax, 0
    34 0000023D 7D07                <1> .22Q:   jge     .22F
    35 0000023F F7D8                <1>         neg     ax
    36 00000241 C6042D              <1>         mov     [si], byte '-'
    37 00000244 EB03                <1>         jmp     .22E
    38                              <1> .22F:
    39                              <1> 
    40 00000246 C6042B              <1>         mov     [si], byte '+'
    41                              <1> .22E:
    42 00000249 49                  <1>         dec     cx
    43                              <1> .20E:
    44                              <1> 
    45 0000024A 8B5E0A              <1>         mov     bx, [bp + 10]
    46                              <1> .30L:
    47                              <1> 
    48 0000024D BA0000              <1>         mov     dx, 0
    49 00000250 F7F3                <1>         div     bx
    50                              <1> 
    51 00000252 89D6                <1>         mov     si, dx
    52 00000254 8A94[7C02]          <1>         mov     dl, byte [.ascii + si]
    53                              <1> 
    54 00000258 8815                <1>         mov     [di], dl
    55 0000025A 4F                  <1>         dec     di
    56                              <1> 
    57 0000025B 83F800              <1>         cmp     ax, 0
    58 0000025E E0ED                <1>         loopnz  .30L
    59                              <1> .30E:
    60                              <1> 
    61 00000260 83F900              <1>         cmp     cx, 0
    62 00000263 740D                <1> .40Q:   je      .40E
    63 00000265 B020                <1>         mov     al, ' '
    64 00000267 837E0C04            <1>         cmp     [bp + 12], word 0b0100
    65 0000026B 7502                <1> .42Q:   jne     .42E
    66 0000026D B030                <1>         mov     al, '0'
    67                              <1> .42E:
    68 0000026F FD                  <1>         std
    69 00000270 F3AA                <1>         rep stosb
    70                              <1> .40E:
    71                              <1> 
    72 00000272 5F                  <1>         pop     di
    73 00000273 5E                  <1>         pop     si
    74 00000274 5A                  <1>         pop     dx
    75 00000275 59                  <1>         pop     cx
    76 00000276 5B                  <1>         pop     bx
    77 00000277 58                  <1>         pop     ax
    78                              <1> 
    79 00000278 89EC                <1>         mov     sp, bp
    80 0000027A 5D                  <1>         pop     bp
    81                              <1> 
    82 0000027B C3                  <1>         ret
    83                              <1> 
    84 0000027C 303132333435363738- <1> .ascii  db      "0123456789ABCDEF"
    84 00000285 39414243444546      <1>
    66                                  %include    "../modules/real/get_drive_param.s"
     1                              <1> get_drive_param:
     2                              <1> 
     3 0000028C 55                  <1>         push    bp
     4 0000028D 89E5                <1>         mov     bp, sp
     5                              <1> 
     6 0000028F 53                  <1>         push    bx
     7 00000290 51                  <1>         push    cx
     8 00000291 06                  <1>         push    es
     9 00000292 56                  <1>         push    si
    10 00000293 57                  <1>         push    di
    11                              <1> 
    12 00000294 8B7604              <1>         mov     si, [bp + 4]
    13                              <1> 
    14 00000297 B80000              <1>         mov     ax, 0
    15 0000029A 8EC0                <1>         mov     es, ax
    16 0000029C 89C7                <1>         mov     di, ax
    17                              <1> 
    18 0000029E B408                <1>         mov     ah, 8
    19 000002A0 8A14                <1>         mov     dl, [si + drive.no]
    20 000002A2 721B                <1> .10Q:   jc      .10F
    21                              <1> .10T:
    22 000002A4 88C8                <1>         mov     al, cl
    23 000002A6 83E03F              <1>         and     ax, 0x3F
    24                              <1> 
    25 000002A9 C0E906              <1>         shr     cl, 6
    26 000002AC C1C908              <1>         ror     cx, 8
    27 000002AF 41                  <1>         inc     cx
    28                              <1> 
    29 000002B0 0FB6DE              <1>         movzx   bx, dh
    30 000002B3 43                  <1>         inc     bx
    31                              <1> 
    32 000002B4 894C02              <1>         mov     [si + drive.cyln], cx
    33 000002B7 895C04              <1>         mov     [si + drive.head], bx
    34 000002BA 894406              <1>         mov     [si + drive.sect], ax
    35                              <1> 
    36 000002BD EB03                <1>         jmp     .10E
    37                              <1> .10F:
    38                              <1> 
    39 000002BF B80000              <1>         mov     ax, 0
    40                              <1> .10E:
    41                              <1> 
    42 000002C2 5F                  <1>         pop     di
    43 000002C3 5E                  <1>         pop     si
    44 000002C4 07                  <1>         pop     es
    45 000002C5 59                  <1>         pop     cx
    46 000002C6 5B                  <1>         pop     bx
    47                              <1> 
    48 000002C7 89EC                <1>         mov     sp, bp
    49 000002C9 5D                  <1>         pop     bp
    50                              <1> 
    51 000002CA C3                  <1>         ret
    67                                  %include    "../modules/real/get_font_adr.s"
     1                              <1> get_font_adr:
     2                              <1> 
     3 000002CB 55                  <1>         push    bp
     4 000002CC 89E5                <1>         mov     bp, sp
     5                              <1> 
     6 000002CE 50                  <1>         push    ax
     7 000002CF 53                  <1>         push    bx
     8 000002D0 56                  <1>         push    si
     9 000002D1 06                  <1>         push    es
    10 000002D2 55                  <1>         push    bp
    11                              <1> 
    12 000002D3 8B7604              <1>         mov     si, [bp + 4]
    13                              <1> 
    14 000002D6 B83011              <1>         mov     ax, 0x1130
    15 000002D9 B706                <1>         mov     bh, 0x06
    16 000002DB CD10                <1>         int     10h
    17                              <1> 
    18 000002DD 8C04                <1>         mov     [si + 0], es
    19 000002DF 896C02              <1>         mov     [si + 2], bp
    20                              <1> 
    21 000002E2 5D                  <1>         pop     bp
    22 000002E3 07                  <1>         pop     es
    23 000002E4 5E                  <1>         pop     si
    24 000002E5 5B                  <1>         pop     bx
    25 000002E6 58                  <1>         pop     ax
    26                              <1> 
    27 000002E7 89EC                <1>         mov     sp, bp
    28 000002E9 5D                  <1>         pop     bp
    29                              <1> 
    30 000002EA C3                  <1>         ret
    68                                  %include    "../modules/real/get_mem_info.s"
     1                              <1> get_mem_info:
     2                              <1> 
     3 000002EB 6650                <1>         push    eax
     4 000002ED 6653                <1>         push    ebx
     5 000002EF 6651                <1>         push    ecx
     6 000002F1 6652                <1>         push    edx
     7 000002F3 56                  <1>         push    si
     8 000002F4 57                  <1>         push    di
     9 000002F5 55                  <1>         push    bp
    10                              <1> 
    11 000002F6 BD0000              <1>         mov     bp, 0
    12 000002F9 66BB00000000        <1>         mov     ebx, 0
    13                              <1> .10L:
    14                              <1> 
    15 000002FF 66B820E80000        <1>         mov     eax, 0x0000E820
    16                              <1> 
    17 00000305 66B914000000        <1>         mov     ecx, E820_RECORD_SIZE
    18 0000030B 66BA50414D53        <1>         mov     edx, 'PAMS'
    19 00000311 BF[0C04]            <1>         mov     di, .b0
    20 00000314 CD15                <1>         int     0x15
    21                              <1> 
    22 00000316 663D50414D53        <1>         cmp     eax, 'PAMS'
    23 0000031C 7402                <1>         je      .12E
    24 0000031E EB4C                <1>         jmp     .10E
    25                              <1> .12E:
    26                              <1> 
    27 00000320 7302                <1>         jnc     .14E
    28 00000322 EB48                <1>         jmp     .10E
    29                              <1> .14E:
    30                              <1> 
    31 00000324 57E8F80083C402      <1>         cdecl   put_mem_info, di
    32                              <1> 
    33 0000032B 668B4510            <1>         mov     eax, [di + 16]
    34 0000032F 6683F803            <1>         cmp     eax, 3
    35 00000333 750F                <1>         jne     .15E
    36                              <1> 
    37 00000335 668B05              <1>         mov     eax, [di + 0]
    38 00000338 66A3[0402]          <1>         mov     [ACPI_DATA.adr], eax
    39                              <1> 
    40 0000033C 668B4508            <1>         mov     eax, [di + 8]
    41 00000340 66A3[0802]          <1>         mov     [ACPI_DATA.len], eax
    42                              <1> .15E:
    43                              <1> 
    44 00000344 6683FB00            <1>         cmp     ebx, 0
    45 00000348 741C                <1>         jz      .16E
    46                              <1> 
    47 0000034A 45                  <1>         inc     bp
    48 0000034B 83E507              <1>         and     bp, 0x07
    49 0000034E 7516                <1>         jnz     .16E
    50                              <1> 
    51 00000350 68[F403]E86CFD83C4- <1>         cdecl   puts, .s2
    51 00000358 02                  <1>
    52                              <1> 
    53 00000359 B410                <1>         mov     ah, 0x10
    54 0000035B CD16                <1>         int     0x16
    55                              <1> 
    56 0000035D 68[FF03]E85FFD83C4- <1>         cdecl   puts, .s3
    56 00000365 02                  <1>
    57                              <1> 
    58                              <1> .16E:
    59                              <1> 
    60 00000366 6683FB00            <1>         cmp     ebx, 0
    61 0000036A 7593                <1>         jne     .10L
    62                              <1> .10E:
    63                              <1> 
    64 0000036C 68[C403]E850FD83C4- <1>         cdecl   puts, .s1
    64 00000374 02                  <1>
    65                              <1> 
    66 00000375 5D                  <1> 		pop		bp
    67 00000376 5F                  <1> 		pop		di
    68 00000377 5E                  <1> 		pop		si
    69 00000378 665A                <1> 		pop		edx
    70 0000037A 6659                <1> 		pop		ecx
    71 0000037C 665B                <1> 		pop		ebx
    72 0000037E 6658                <1> 		pop		eax
    73                              <1> 
    74 00000380 C3                  <1> 		ret
    75                              <1> 
    76 00000381 2045383230204D656D- <1> .s0:	db " E820 Memory Map:", 0x0A, 0x0D
    76 0000038A 6F7279204D61703A0A- <1>
    76 00000393 0D                  <1>
    77 00000394 20426173655F5F5F5F- <1> 		db " Base_____________ Length___________ Type____", 0x0A, 0x0D, 0
    77 0000039D 5F5F5F5F5F5F5F5F5F- <1>
    77 000003A6 204C656E6774685F5F- <1>
    77 000003AF 5F5F5F5F5F5F5F5F5F- <1>
    77 000003B8 20547970655F5F5F5F- <1>
    77 000003C1 0A0D00              <1>
    78 000003C4 202D2D2D2D2D2D2D2D- <1> .s1:	db " ----------------- ----------------- --------", 0x0A, 0x0D, 0
    78 000003CD 2D2D2D2D2D2D2D2D2D- <1>
    78 000003D6 202D2D2D2D2D2D2D2D- <1>
    78 000003DF 2D2D2D2D2D2D2D2D2D- <1>
    78 000003E8 202D2D2D2D2D2D2D2D- <1>
    78 000003F1 0A0D00              <1>
    79 000003F4 203C6D6F72652E2E2E- <1> .s2:	db " <more...>", 0
    79 000003FD 3E00                <1>
    80 000003FF 0D2020202020202020- <1> .s3:	db 0x0D, "          ", 0x0D, 0
    80 00000408 20200D00            <1>
    81                              <1> 
    82                              <1> ALIGN 4, db 0
    83 0000040C 00<rept>            <1> .b0:	times E820_RECORD_SIZE db 0
    84                              <1> 
    85                              <1> 
    86                              <1> put_mem_info:
    87                              <1> 
    88 00000420 55                  <1>         push    bp
    89 00000421 89E5                <1>         mov     bp, sp
    90                              <1> 
    91 00000423 53                  <1>         push    bx
    92 00000424 56                  <1>         push    si
    93                              <1> 
    94 00000425 8B7604              <1>         mov     si, [bp + 4]
    95                              <1> 
    96 00000428 6A046A106A0468-     <1>         cdecl	itoa, word [si + 6], .p2 + 0, 4, 16, 0b0100
    96 0000042F [FF04]FF7406E8D5FD- <1>
    96 00000437 83C40A              <1>
    97 0000043A 6A046A106A0468-     <1> 		cdecl	itoa, word [si + 4], .p2 + 4, 4, 16, 0b0100
    97 00000441 [0305]FF7404E8C3FD- <1>
    97 00000449 83C40A              <1>
    98 0000044C 6A046A106A0468-     <1> 		cdecl	itoa, word [si + 2], .p3 + 0, 4, 16, 0b0100
    98 00000453 [0805]FF7402E8B1FD- <1>
    98 0000045B 83C40A              <1>
    99 0000045E 6A046A106A0468-     <1> 		cdecl	itoa, word [si + 0], .p3 + 4, 4, 16, 0b0100
    99 00000465 [0C05]FF34E8A0FD83- <1>
    99 0000046D C40A                <1>
   100                              <1> 
   101 0000046F 6A046A106A0468-     <1> 		cdecl	itoa, word [si + 14], .p4 + 0, 4, 16, 0b0100
   101 00000476 [1105]FF740EE88EFD- <1>
   101 0000047E 83C40A              <1>
   102 00000481 6A046A106A0468-     <1> 		cdecl	itoa, word [si + 12], .p4 + 4, 4, 16, 0b0100
   102 00000488 [1505]FF740CE87CFD- <1>
   102 00000490 83C40A              <1>
   103 00000493 6A046A106A0468-     <1> 		cdecl	itoa, word [si + 10], .p5 + 0, 4, 16, 0b0100
   103 0000049A [1A05]FF740AE86AFD- <1>
   103 000004A2 83C40A              <1>
   104 000004A5 6A046A106A0468-     <1> 		cdecl	itoa, word [si + 8], .p5 + 4, 4, 16, 0b0100
   104 000004AC [1E05]FF7408E858FD- <1>
   104 000004B4 83C40A              <1>
   105                              <1> 
   106 000004B7 6A046A106A0468-     <1> 		cdecl	itoa, word [si + 18], .p6 + 0, 4, 16, 0b0100
   106 000004BE [2305]FF7412E846FD- <1>
   106 000004C6 83C40A              <1>
   107 000004C9 6A046A106A0468-     <1> 		cdecl	itoa, word [si + 16], .p6 + 4, 4, 16, 0b0100
   107 000004D0 [2705]FF7410E834FD- <1>
   107 000004D8 83C40A              <1>
   108                              <1> 
   109 000004DB 68[FE04]E8E1FB83C4- <1> 		cdecl	puts, .s1
   109 000004E3 02                  <1>
   110                              <1> 
   111 000004E4 8B5C10              <1>         mov     bx, [si + 16]
   112 000004E7 83E307              <1>         and     bx, 0x07
   113 000004EA D1E3                <1>         shl     bx, 1
   114 000004EC 81C3[8005]          <1>         add     bx, .t0
   115 000004F0 FF37E8CDFB83C402    <1>         cdecl   puts, word [bx]
   116                              <1> 
   117 000004F8 5E                  <1>         pop     si
   118 000004F9 5B                  <1>         pop     bx
   119                              <1> 
   120 000004FA 89EC                <1>         mov     sp, bp
   121 000004FC 5D                  <1>         pop     bp
   122                              <1> 
   123 000004FD C3                  <1>         ret
   124                              <1> 
   125 000004FE 20                  <1> .s1:	db " "
   126 000004FF 5A5A5A5A5A5A5A5A5F  <1> .p2:	db "ZZZZZZZZ_"
   127 00000508 5A5A5A5A5A5A5A5A20  <1> .p3:	db "ZZZZZZZZ "
   128 00000511 5A5A5A5A5A5A5A5A5F  <1> .p4:	db "ZZZZZZZZ_"
   129 0000051A 5A5A5A5A5A5A5A5A20  <1> .p5:	db "ZZZZZZZZ "
   130 00000523 5A5A5A5A5A5A5A5A00  <1> .p6:	db "ZZZZZZZZ", 0
   131                              <1> 
   132 0000052C 2028556E6B6E6F776E- <1> .s4:	db " (Unknown)", 0x0A, 0x0D, 0
   132 00000535 290A0D00            <1>
   133 00000539 2028757361626C6529- <1> .s5:	db " (usable)", 0x0A, 0x0D, 0
   133 00000542 0A0D00              <1>
   134 00000545 202872657365727665- <1> .s6:	db " (reserved)", 0x0A, 0x0D, 0
   134 0000054E 64290A0D00          <1>
   135 00000553 202841435049206461- <1> .s7:	db " (ACPI data)", 0x0A, 0x0D, 0
   135 0000055C 7461290A0D00        <1>
   136 00000562 202841435049204E56- <1> .s8:	db " (ACPI NVS)", 0x0A, 0x0D, 0
   136 0000056B 53290A0D00          <1>
   137 00000570 2028626164206D656D- <1> .s9:	db " (bad memory)", 0x0A, 0x0D, 0
   137 00000579 6F7279290A0D00      <1>
   138                              <1> 
   139 00000580 [2C05][3905][4505]- <1> .t0:	dw .s4, .s5, .s6, .s7, .s8, .s9, .s4, .s4
   139 00000586 [5305][6205][7005]- <1>
   139 0000058C [2C05][2C05]        <1>
    69                                  
    70                                  stage_2:
    71                                  
    72 00000590 68[0A06]E82CFB83C4-             cdecl   puts, .s0
    72 00000598 02                 
    73                                  
    74 00000599 68[BA00]E8EDFC83C4-             cdecl   get_drive_param, BOOT
    74 000005A1 02                 
    75 000005A2 83F800                          cmp     ax, 0
    76 000005A5 750C                    .10Q:   jne     .10E
    77 000005A7 68[3F06]E815FB83C4-     .10T:   cdecl   puts, .e0
    77 000005AF 02                 
    78                                          ;call   reboot
    79 000005B0 E9A900                          jmp     stage_3
    80                                  .10E:
    81                                  
    82 000005B3 A1[BA00]                        mov     ax, [BOOT + drive.no]
    83 000005B6 6A046A106A0268-                 cdecl   itoa, ax, .p1, 2, 16, 0b0100
    83 000005BD [2206]50E849FC83C4-
    83 000005C5 0A                 
    84 000005C6 A1[BC00]                        mov     ax, [BOOT + drive.cyln]
    85 000005C9 6A046A106A0468-                 cdecl   itoa, ax, .p2, 4, 16, 0b0100
    85 000005D0 [2A06]50E836FC83C4-
    85 000005D8 0A                 
    86 000005D9 A1[BE00]                        mov     ax, [BOOT + drive.head]
    87 000005DC 6A046A106A0268-                 cdecl   itoa, ax, .p3, 2, 16, 0b0100
    87 000005E3 [3306]50E823FC83C4-
    87 000005EB 0A                 
    88 000005EC A1[C000]                        mov     ax, [BOOT + drive.sect]
    89 000005EF 6A046A106A0268-                 cdecl   itoa, ax, .p4, 2, 16, 0b0100
    89 000005F6 [3B06]50E810FC83C4-
    89 000005FE 0A                 
    90 000005FF 68[1906]E8BDFA83C4-             cdecl   puts, .s1
    90 00000607 02                 
    91                                  
    92 00000608 EB52                            jmp     stage_3
    93                                  
    94 0000060A 326E64207374616765-     .s0     db  "2nd stage...", 0x0A, 0x0D, 0
    94 00000613 2E2E2E0A0D00       
    95                                  
    96 00000619 44726976653A203078      .s1     db  "Drive: 0x"
    97 00000622 202C20433A203078        .p1     db  " , C: 0x"
    98 0000062A 20202C20483A203078      .p2     db  "  , H: 0x"
    99 00000633 202C20533A203078        .p3     db  " , S: 0x"
   100 0000063B 200A0D00                .p4     db  " ", 0x0A, 0x0D, 0
   101                                  
   102 0000063F 43616E277420676574-     .e0     db  "Can't get drive parameter.", 0x0A, 0x0D, 0
   102 00000648 206472697665207061-
   102 00000651 72616D657465722E0A-
   102 0000065A 0D00               
   103                                  
   104                                  stage_3:
   105                                  
   106 0000065C 68[DF06]E860FA83C4-             cdecl   puts, .s0
   106 00000664 02                 
   107                                  
   108 00000665 68[0002]E860FC83C4-             cdecl   get_font_adr, FONT
   108 0000066D 02                 
   109                                  
   110 0000066E 6A046A106A0468-                 cdecl   itoa, word [FONT.seg], .p1, 4, 16, 0b0100
   110 00000675 [FB06]FF36[0002]E8-
   110 0000067C 8EFB83C40A         
   111 00000681 6A046A106A0468-                 cdecl   itoa, word [FONT.off], .p2, 4, 16, 0b0100
   111 00000688 [FF06]FF36[0202]E8-
   111 0000068F 7BFB83C40A         
   112 00000694 68[EE06]E828FA83C4-             cdecl   puts, .s1
   112 0000069C 02                 
   113                                  
   114 0000069D 68[0402]E848FC83C4-             cdecl   get_mem_info, ACPI_DATA
   114 000006A5 02                 
   115                                  
   116 000006A6 66A1[0402]                      mov     eax, [ACPI_DATA.adr]
   117 000006AA 6683F800                        cmp     eax, 0
   118 000006AE 742D                            je      .10E
   119                                  
   120 000006B0 6A046A106A0468-                 cdecl   itoa, ax, .p4, 4, 16, 0b0100
   120 000006B7 [1707]50E84FFB83C4-
   120 000006BF 0A                 
   121 000006C0 66C1E810                        shr     eax, 16
   122 000006C4 6A046A106A0468-                 cdecl   itoa, ax, .p3, 4, 16, 0b0100
   122 000006CB [1307]50E83BFB83C4-
   122 000006D3 0A                 
   123                                  
   124 000006D4 68[0907]E8E8F983C4-             cdecl   puts, .s2
   124 000006DC 02                 
   125                                  .10E:
   126                                  
   127 000006DD EBFE                            jmp     $
   128                                  
   129 000006DF 337264207374616765-     .s0     db  "3rd stage...", 0x0A, 0x0D, 0
   129 000006E8 2E2E2E0A0D00       
   130 000006EE 466F6E742041646472-     .s1     db  "Font Address="
   130 000006F7 6573733D           
   131 000006FB 5A5A5A5A                .p1     db  "ZZZZ"
   132 000006FF 5A5A5A5A0A0D00          .p2     db  "ZZZZ", 0x0A, 0x0D, 0
   133 00000706 0A0D00                          db  0x0A, 0x0D, 0
   134                                      
   135 00000709 414350492064617461-     .s2     db  "ACPI data="
   135 00000712 3D                 
   136 00000713 5A5A5A5A                .p3     db  "ZZZZ"
   137 00000717 5A5A5A5A0A0D00          .p4     db  "ZZZZ", 0x0A, 0x0D, 0
   138                                      
   139 0000071E 00<rept>                        times   BOOT_SIZE - ($ - $$)   db 0
