     1                                  %include    "../include/define.s"
     1                              <1>         BOOT_LOAD       equ     0x7C00
     2                              <1> 
     3                              <1>         BOOT_SIZE       equ     (1024 * 8)
     4                              <1>         SECT_SIZE       equ     (512)
     5                              <1>         BOOT_SECT       equ     (BOOT_SIZE / SECT_SIZE)
     2                                  %include    "../include/macro.s"
     1                              <1> %macro  cdecl 1-*.nolist
     2                              <1> 
     3                              <1>     %rep  %0 -1
     4                              <1>         push    %{-1:-1}
     5                              <1>         %rotate -1
     6                              <1>     %endrep
     7                              <1>     %rotate -1
     8                              <1> 
     9                              <1>         call    %1
    10                              <1> 
    11                              <1>     %if  1 < %0
    12                              <1>         add     sp, (__BITS__ >> 3) * (%0 - 1)
    13                              <1>     %endif
    14                              <1> 
    15                              <1> %endmacro
    16                              <1> 
    17                              <1> struc drive
    18 00000000 <res 00000002>      <1>         .no     resw    1
    19 00000002 <res 00000002>      <1>         .cyln   resw    1
    20 00000004 <res 00000002>      <1>         .head   resw    1
    21 00000006 <res 00000002>      <1>         .sect   resw    1
    22                              <1> endstruc
     3                                  
     4                                          ORG     BOOT_LOAD
     5                                  
     6                                  entry:
     7                                  
     8 00000000 EB58                            jmp     ipl
     9 00000002 90<rept>                     times   90 - ($ - $$) db 0x90
    10                                  
    11                                  ipl:
    12 0000005A FA                              cli
    13                                      
    14 0000005B B80000                          mov     ax, 0x0000
    15 0000005E 8ED8                            mov     ds, ax
    16 00000060 8EC0                            mov     es, ax
    17 00000062 8ED0                            mov     ss, ax
    18 00000064 BC007C                          mov     sp, BOOT_LOAD
    19                                  
    20 00000067 FB                              sti
    21                                  
    22 00000068 8816[BA00]                      mov     [BOOT + drive.no], dl
    23                                  
    24 0000006C 68[9900]E8500083C4-             cdecl   puts, .s0
    24 00000074 02                 
    25                                  
    26 00000075 BB0F00                          mov     bx, BOOT_SECT - 1
    27 00000078 B9007E                          mov     cx, BOOT_LOAD + SECT_SIZE
    28                                  
    29 0000007B 515368[BA00]E89D00-             cdecl   read_chs, BOOT, bx, cx
    29 00000083 83C406             
    30                                  
    31 00000086 39D8                            cmp     ax, bx
    32 00000088 740C                    .10Q:   jz     .10E
    33 0000008A 68[A600]E8320083C4-     .10T:   cdecl   puts, .e0
    33 00000092 02                 
    34 00000093 E84B00                          call    reboot
    35                                  .10E:
    36                                  
    37 00000096 E96701                          jmp     stage_2
    38                                  
    39 00000099 426F6F74696E672E2E-     .s0     db  "Booting...", 0x0A, 0x0D, 0
    39 000000A2 2E0A0D00           
    40 000000A6 4572726F723A207365-     .e0     db  "Error: sector read", 0
    40 000000AF 63746F722072656164-
    40 000000B8 00                 
    41                                  
    42 000000B9 00                      ALIGN 2, db 0
    43                                  BOOT:
    44                                      istruc  drive
    45 000000BA 0000                            at  drive.no,       dw 0
    46 000000BC 0000                            at  drive.cyln,     dw 0
    47 000000BE 0000                            at  drive.head,     dw 0
    48 000000C0 0200                            at  drive.sect,     dw 2
    49                                      iend
    50                                  
    51                                  %include    "../modules/real/puts.s"
     1                              <1> puts:
     2                              <1> 
     3 000000C2 55                  <1>         push    bp
     4 000000C3 89E5                <1>         mov     bp, sp
     5                              <1> 
     6 000000C5 50                  <1>         push    ax
     7 000000C6 53                  <1>         push    bx
     8 000000C7 56                  <1>         push    si
     9                              <1> 
    10 000000C8 8B7604              <1>         mov     si, [bp + 4]
    11                              <1> 
    12 000000CB B40E                <1>         mov     ah, 0x0E
    13 000000CD BB0000              <1>         mov     bx, 0x0000
    14 000000D0 FC                  <1>         cld
    15                              <1> .10L:
    16                              <1> 
    17 000000D1 AC                  <1>         lodsb
    18                              <1> 
    19 000000D2 3C00                <1>         cmp     al, 0
    20 000000D4 7404                <1>         je      .10E
    21                              <1> 
    22 000000D6 CD10                <1>         int     0x10
    23 000000D8 EBF7                <1>         jmp     .10L
    24                              <1> .10E:
    25                              <1> 
    26 000000DA 5E                  <1>         pop     si
    27 000000DB 5B                  <1>         pop     bx
    28 000000DC 58                  <1>         pop     ax
    29                              <1> 
    30 000000DD 89EC                <1>         mov     sp, bp
    31 000000DF 5D                  <1>         pop     bp
    32                              <1> 
    33 000000E0 C3                  <1>         ret
    52                                  %include    "../modules/real/reboot.s"
     1                              <1> reboot:
     2                              <1> 
     3 000000E1 68[FD00]E8DBFF83C4- <1>         cdecl   puts, .s0
     3 000000E9 02                  <1>
     4                              <1> 
     5                              <1> .10L:
     6                              <1> 
     7 000000EA B410                <1>         mov     ah, 0x10
     8 000000EC CD16                <1>         int     0x16
     9                              <1> 
    10 000000EE 3C20                <1>         cmp     al, ' '
    11 000000F0 75F8                <1>         jne     .10L
    12                              <1> 
    13 000000F2 68[1B01]E8CAFF83C4- <1>         cdecl   puts, .s1
    13 000000FA 02                  <1>
    14                              <1> 
    15 000000FB CD19                <1>         int     0x19
    16                              <1> 
    17 000000FD 0A0D50757368205350- <1> .s0     db  0x0A, 0x0D, "Push SPACE Key to reboot...", 0
    17 00000106 414345204B65792074- <1>
    17 0000010F 6F207265626F6F742E- <1>
    17 00000118 2E2E00              <1>
    18 0000011B 0A0D0A0D00          <1> .s1     db  0x0A, 0x0D, 0x0A, 0x0D, 0
    53                                  %include    "../modules/real/read_chs.s"
     1                              <1> read_chs:
     2                              <1> 
     3 00000120 55                  <1>         push    bp
     4 00000121 89E5                <1>         mov     bp, sp
     5 00000123 6A03                <1>         push    3
     6 00000125 6A00                <1>         push    0
     7                              <1> 
     8 00000127 53                  <1>         push    bx
     9 00000128 51                  <1>         push    cx
    10 00000129 52                  <1>         push    dx
    11 0000012A 06                  <1>         push    es
    12 0000012B 56                  <1>         push    si
    13                              <1> 
    14 0000012C 8B7604              <1>         mov     si, [bp + 4]
    15                              <1> 
    16 0000012F 8A6C02              <1>         mov     ch, [si + drive.cyln + 0]
    17 00000132 8A4C03              <1>         mov     cl, [si + drive.cyln + 1]
    18 00000135 C0E106              <1>         shl     cl, 6
    19 00000138 0A4C06              <1>         or      cl, [si + drive.sect]
    20                              <1> 
    21 0000013B 8A7404              <1>         mov     dh, [si + drive.head]
    22 0000013E 8A14                <1>         mov     dl, [si + 0]
    23 00000140 B80000              <1>         mov     ax, 0x0000
    24 00000143 8EC0                <1>         mov     es, ax
    25 00000145 8B5E08              <1>         mov     bx, [bp + 8]
    26                              <1> .10L:
    27                              <1> 
    28 00000148 B402                <1>         mov     ah, 0x02
    29 0000014A 8A4606              <1>         mov     al, [bp + 6]
    30                              <1> 
    31 0000014D CD13                <1>         int     0x13
    32 0000014F 730C                <1>         jnc     .10E
    33                              <1> .11E:
    34                              <1> 
    35 00000151 3C00                <1>         cmp     al, 0
    36 00000153 7508                <1>         jne     .10E
    37                              <1> 
    38 00000155 B80000              <1>         mov     ax, 0
    39 00000158 FF4EFE              <1>         dec     word[bp - 2]
    40 0000015B 75EB                <1>         jnz     .10L
    41                              <1> .10E:
    42                              <1> 
    43 0000015D B400                <1>         mov     ah, 0
    44                              <1> 
    45 0000015F 5E                  <1>         pop     si
    46 00000160 07                  <1>         pop     es
    47 00000161 5A                  <1>         pop     dx
    48 00000162 59                  <1>         pop     cx
    49 00000163 5B                  <1>         pop     bx
    50                              <1> 
    51 00000164 89EC                <1>         mov     sp, bp
    52 00000166 5D                  <1>         pop     bp
    53                              <1> 
    54 00000167 C3                  <1>         ret
    54                                  
    55 00000168 00<rept>                        times   510 - ($ - $$) db 0x00
    56 000001FE 55AA                            db      0x55, 0xAA
    57                                  
    58                                  
    59                                  stage_2:
    60                                  
    61 00000200 68[0B02]E8BCFE83C4-             cdecl   puts, .s0
    61 00000208 02                 
    62                                  
    63 00000209 EBFE                            jmp     $
    64                                  
    65 0000020B 326E64207374616765-     .s0     db  "2nd stage...", 0x0A, 0x0D, 0
    65 00000214 2E2E2E0A0D00       
    66                                  
    67 0000021A 00<rept>                        times   BOOT_SIZE - ($ - $$)   db 0
