     1                                  %include    "../include/define.s"
     1                              <1>         BOOT_LOAD           equ     0x7C00
     2                              <1> 
     3                              <1>         BOOT_SIZE           equ     (1024 * 8)
     4                              <1>         SECT_SIZE           equ     (512)
     5                              <1>         BOOT_SECT           equ     (BOOT_SIZE / SECT_SIZE)
     6                              <1>         BOOT_END            equ     (BOOT_LOAD + BOOT_SIZE)
     7                              <1> 
     8                              <1>         E820_RECORD_SIZE    equ     20
     9                              <1> 
    10                              <1>         KERNEL_LOAD         equ     0x0010_1000
    11                              <1> 
    12                              <1>         KERNEL_SIZE         equ     (1024 * 8)
    13                              <1>         KERNEL_SECT         equ     (KERNEL_SIZE / SECT_SIZE)
     2                                  %include    "../include/macro.s"
     1                              <1> %macro  cdecl 1-*.nolist
     2                              <1> 
     3                              <1>     %rep  %0 -1
     4                              <1>         push    %{-1:-1}
     5                              <1>         %rotate -1
     6                              <1>     %endrep
     7                              <1>     %rotate -1
     8                              <1> 
     9                              <1>         call    %1
    10                              <1> 
    11                              <1>     %if  1 < %0
    12                              <1>         add     sp, (__BITS__ >> 3) * (%0 - 1)
    13                              <1>     %endif
    14                              <1> 
    15                              <1> %endmacro
    16                              <1> 
    17                              <1> struc drive
    18 00000000 <res 00000002>      <1>         .no     resw    1
    19 00000002 <res 00000002>      <1>         .cyln   resw    1
    20 00000004 <res 00000002>      <1>         .head   resw    1
    21 00000006 <res 00000002>      <1>         .sect   resw    1
    22                              <1> endstruc
     3                                  
     4                                          ORG     KERNEL_LOAD
     5                                  
     6                                  [BITS 32]
     7                                  
     8                                  kernel:
     9                                  
    10 00000000 BE007E0000                      mov     esi, BOOT_LOAD + SECT_SIZE
    11 00000005 0FB706                          movzx   eax, word [esi + 0]
    12 00000008 0FB75E02                        movzx   ebx, word [esi + 2]
    13 0000000C C1E004                          shl     eax, 4
    14 0000000F 01D8                            add     eax, ebx
    15 00000011 A3[A0000000]                    mov     [FONT_ADR], eax
    16                                  
    17 00000016 6A41680F0100006A00-     		cdecl	draw_char, 0, 0, 0x010F, 'A'
    17 0000001F 6A00E8030100006683-
    17 00000028 C410               
    18 0000002A 6A42680F0100006A00-     		cdecl	draw_char, 1, 0, 0x010F, 'B'
    18 00000033 6A01E8EF0000006683-
    18 0000003C C410               
    19 0000003E 6A43680F0100006A00-     		cdecl	draw_char, 2, 0, 0x010F, 'C'
    19 00000047 6A02E8DB0000006683-
    19 00000050 C410               
    20                                  
    21 00000052 6A3068020400006A00-     		cdecl	draw_char, 0, 0, 0x0402, '0'
    21 0000005B 6A00E8C70000006683-
    21 00000064 C410               
    22 00000066 6A3168120200006A00-     		cdecl	draw_char, 1, 0, 0x0212, '1'
    22 0000006F 6A01E8B30000006683-
    22 00000078 C410               
    23 0000007A 6A5F68120200006A00-     		cdecl	draw_char, 2, 0, 0x0212, '_'
    23 00000083 6A02E89F0000006683-
    23 0000008C C410               
    24                                  
    25 0000008E 6A0D6A3FE856010000-             cdecl   draw_font, 63, 13
    25 00000097 6683C408           
    26                                  
    27 0000009B EBFE                            jmp     $
    28                                  
    29 0000009D 00<rept>                ALIGN 4, db 0
    30 000000A0 00000000                FONT_ADR:   dd 0
    31                                  
    32                                  %include    "../modules/protect/vga.s"
     1                              <1> vga_set_read_plane:
     2                              <1> 
     3 000000A4 55                  <1>         push    ebp
     4 000000A5 89E5                <1>         mov     ebp, esp
     5                              <1> 
     6 000000A7 50                  <1>         push    eax
     7 000000A8 52                  <1>         push    edx
     8                              <1> 
     9 000000A9 8A6508              <1>         mov     ah, [ebp + 8]
    10 000000AC 80E403              <1>         and     ah, 0x03
    11 000000AF B004                <1>         mov     al, 0x04
    12 000000B1 66BACE03            <1>         mov     dx, 0x03CE
    13 000000B5 66EF                <1>         out     dx, ax
    14                              <1> 
    15 000000B7 5A                  <1>         pop     edx
    16 000000B8 58                  <1>         pop     eax
    17                              <1> 
    18 000000B9 89EC                <1>         mov     esp, ebp
    19 000000BB 5D                  <1>         pop     ebp
    20                              <1> 
    21 000000BC C3                  <1>         ret
    22                              <1> 
    23                              <1> 
    24                              <1> vga_set_write_plane:
    25                              <1> 
    26 000000BD 55                  <1>          push    ebp
    27 000000BE 89E5                <1>          mov     ebp, esp
    28                              <1>  
    29 000000C0 50                  <1>          push    eax
    30 000000C1 52                  <1>          push    edx
    31                              <1>  
    32 000000C2 8A6508              <1>          mov     ah, [ebp + 8]
    33 000000C5 80E40F              <1>          and     ah, 0x0F
    34 000000C8 B002                <1>          mov     al, 0x02
    35 000000CA 66BAC403            <1>          mov     dx, 0x03C4
    36 000000CE 66EF                <1>          out     dx, ax
    37                              <1>  
    38 000000D0 5A                  <1>          pop     edx
    39 000000D1 58                  <1>          pop     eax
    40                              <1>  
    41 000000D2 89EC                <1>          mov     esp, ebp
    42 000000D4 5D                  <1>          pop     ebp
    43                              <1>  
    44 000000D5 C3                  <1>          ret
    45                              <1> 
    46                              <1> 
    47                              <1> vram_font_copy:
    48                              <1> 
    49 000000D6 55                  <1>         push    ebp
    50 000000D7 89E5                <1>         mov     ebp, esp
    51                              <1> 
    52 000000D9 50                  <1>         push    eax
    53 000000DA 53                  <1>         push    ebx
    54 000000DB 51                  <1>         push    ecx
    55 000000DC 52                  <1>         push    edx
    56 000000DD 56                  <1>         push    esi
    57 000000DE 57                  <1>         push    edi
    58                              <1> 
    59 000000DF 8B7508              <1>         mov     esi, [ebp + 8]
    60 000000E2 8B7D0C              <1>         mov     edi, [ebp + 12]
    61 000000E5 0FB64510            <1>         movzx   eax, byte [ebp + 16]
    62 000000E9 0FB75D14            <1>         movzx   ebx, word [ebp + 20]
    63                              <1> 
    64 000000ED 84C7                <1>         test    bh, al
    65 000000EF 0F94C6              <1>         setz    dh
    66 000000F2 FECE                <1>         dec     dh
    67                              <1> 
    68 000000F4 84C3                <1>         test    bl, al
    69 000000F6 0F94C2              <1>         setz    dl
    70 000000F9 FECA                <1>         dec     dl
    71                              <1> 
    72 000000FB FC                  <1>         cld
    73                              <1> 
    74 000000FC B910000000          <1>         mov     ecx, 16
    75                              <1> .10L:
    76                              <1> 
    77 00000101 AC                  <1>         lodsb
    78 00000102 88C4                <1>         mov     ah, al
    79 00000104 F6D4                <1>         not     ah
    80                              <1> 
    81 00000106 20D0                <1>         and     al, dl
    82                              <1> 
    83 00000108 F7C310000000        <1>         test    ebx, 0x0010
    84 0000010E 7404                <1>         jz      .11F
    85 00000110 2227                <1>         and     ah, [edi]
    86 00000112 EB02                <1>         jmp     .11E
    87                              <1> .11F:
    88                              <1> 
    89 00000114 20F4                <1>         and     ah, dh
    90                              <1> .11E:
    91                              <1> 
    92 00000116 08E0                <1>         or      al, ah
    93                              <1> 
    94 00000118 8807                <1>         mov     [edi], al
    95                              <1> 
    96 0000011A 83C750              <1>         add     edi, 80
    97 0000011D E2E2                <1>         loop    .10L
    98                              <1> .10E:
    99                              <1> 
   100 0000011F 5F                  <1>         pop     edi
   101 00000120 5E                  <1>         pop     esi
   102 00000121 5A                  <1>         pop     edx
   103 00000122 59                  <1>         pop     ecx
   104 00000123 5B                  <1>         pop     ebx
   105 00000124 58                  <1>         pop     eax
   106                              <1> 
   107 00000125 89EC                <1>         mov     esp, ebp
   108 00000127 5D                  <1>         pop     ebp
   109                              <1> 
   110 00000128 C3                  <1>         ret
    33                                  %include    "../modules/protect/draw_char.s"
     1                              <1> draw_char:
     2                              <1> 
     3 00000129 55                  <1>         push    ebp
     4 0000012A 89E5                <1>         mov     ebp, esp
     5                              <1> 
     6 0000012C 50                  <1>         push    eax
     7 0000012D 53                  <1>         push    ebx
     8 0000012E 51                  <1>         push    ecx
     9 0000012F 52                  <1>         push    edx
    10 00000130 56                  <1>         push    esi
    11 00000131 57                  <1>         push    edi
    12                              <1> 
    13 00000132 0FB67514            <1>         movzx   esi, byte [ebp + 20]
    14 00000136 C1E604              <1>         shl     esi, 4
    15 00000139 0335[A0000000]      <1>         add     esi, [FONT_ADR]
    16                              <1> 
    17 0000013F 8B7D0C              <1>         mov     edi, [ebp + 12]
    18 00000142 C1E708              <1>         shl     edi, 8
    19 00000145 8DBCBF00000A00      <1>         lea     edi, [edi * 4 + edi + 0xA0000]
    20 0000014C 037D08              <1>         add     edi, [ebp + 8]
    21                              <1> 
    22 0000014F 0FB75D10            <1>         movzx   ebx, word [ebp + 16]
    23                              <1> 
    24 00000153 6A03E84AFFFFFF6683- <1>         cdecl   vga_set_read_plane, 0x03
    24 0000015C C404                <1>
    25 0000015E 6A08E858FFFFFF6683- <1>         cdecl   vga_set_write_plane, 0x08
    25 00000167 C404                <1>
    26 00000169 536A085756E863FFFF- <1>         cdecl   vram_font_copy, esi, edi, 0x08, ebx
    26 00000172 FF6683C410          <1>
    27                              <1> 
    28 00000177 6A02E826FFFFFF6683- <1>         cdecl   vga_set_read_plane, 0x02
    28 00000180 C404                <1>
    29 00000182 6A04E834FFFFFF6683- <1>         cdecl   vga_set_write_plane, 0x04
    29 0000018B C404                <1>
    30 0000018D 536A045756E83FFFFF- <1>         cdecl   vram_font_copy, esi, edi, 0x04, ebx
    30 00000196 FF6683C410          <1>
    31                              <1> 
    32 0000019B 6A01E802FFFFFF6683- <1>         cdecl   vga_set_read_plane, 0x01
    32 000001A4 C404                <1>
    33 000001A6 6A02E810FFFFFF6683- <1>         cdecl   vga_set_write_plane, 0x02
    33 000001AF C404                <1>
    34 000001B1 536A025756E81BFFFF- <1>         cdecl   vram_font_copy, esi, edi, 0x02, ebx
    34 000001BA FF6683C410          <1>
    35                              <1> 
    36 000001BF 6A00E8DEFEFFFF6683- <1>         cdecl   vga_set_read_plane, 0x00
    36 000001C8 C404                <1>
    37 000001CA 6A01E8ECFEFFFF6683- <1>         cdecl   vga_set_write_plane, 0x01
    37 000001D3 C404                <1>
    38 000001D5 536A015756E8F7FEFF- <1>         cdecl   vram_font_copy, esi, edi, 0x01, ebx
    38 000001DE FF6683C410          <1>
    39                              <1> 
    40 000001E3 5F                  <1>         pop     edi
    41 000001E4 5E                  <1>         pop     esi
    42 000001E5 5A                  <1>         pop     edx
    43 000001E6 59                  <1>         pop     ecx
    44 000001E7 5B                  <1>         pop     ebx
    45 000001E8 58                  <1>         pop     eax
    46                              <1> 
    47 000001E9 89EC                <1>         mov     esp, ebp
    48 000001EB 5D                  <1>         pop     ebp
    49                              <1> 
    50 000001EC C3                  <1>         ret
    34                                  %include    "../modules/protect/draw_font.s"
     1                              <1> draw_font:
     2                              <1> 
     3 000001ED 55                  <1>         push    ebp
     4 000001EE 89E5                <1>         mov     ebp, esp
     5                              <1> 
     6 000001F0 50                  <1>         push    eax
     7 000001F1 53                  <1>         push    ebx
     8 000001F2 51                  <1>         push    ecx
     9 000001F3 52                  <1>         push    edx
    10 000001F4 56                  <1>         push    esi
    11 000001F5 57                  <1>         push    edi
    12                              <1> 
    13 000001F6 8B7508              <1>         mov     esi, [ebp + 8]
    14 000001F9 8B7D0C              <1>         mov     edi, [ebp + 12]
    15                              <1> 
    16 000001FC B900000000          <1>         mov     ecx, 0
    17 00000201 81F900010000        <1> .10L:   cmp     ecx, 256
    18 00000207 731F                <1>         jae     .10E
    19                              <1> 
    20 00000209 89C8                <1>         mov     eax, ecx
    21 0000020B 83E00F              <1>         and     eax, 0x0F
    22 0000020E 01F0                <1>         add     eax, esi
    23                              <1> 
    24 00000210 89CB                <1>         mov     ebx, ecx
    25 00000212 C1EB04              <1>         shr     ebx, 4
    26 00000215 01FB                <1>         add     ebx, edi
    27                              <1> 
    28 00000217 516A075350E808FFFF- <1>         cdecl   draw_char, eax, ebx, 0x07, ecx
    28 00000220 FF6683C410          <1>
    29                              <1> 
    30 00000225 41                  <1>         inc     ecx
    31 00000226 EBD9                <1>         jmp     .10L
    32                              <1> .10E:
    33                              <1> 
    34 00000228 5F                  <1>         pop     edi
    35 00000229 5E                  <1>         pop     esi
    36 0000022A 5A                  <1>         pop     edx
    37 0000022B 59                  <1>         pop     ecx
    38 0000022C 5B                  <1>         pop     ebx
    39 0000022D 58                  <1>         pop     eax
    40                              <1> 
    41 0000022E 89EC                <1>         mov     esp, ebp
    42 00000230 5D                  <1>         pop     ebp
    43                              <1> 
    44 00000231 C3                  <1>         ret
    35                                  
    36 00000232 00<rept>                        times KERNEL_SIZE -($ - $$) db 0
