     1                                  %include    "../include/define.s"
     1                              <1>         BOOT_LOAD           equ     0x7C00
     2                              <1> 
     3                              <1>         BOOT_SIZE           equ     (1024 * 8)
     4                              <1>         SECT_SIZE           equ     (512)
     5                              <1>         BOOT_SECT           equ     (BOOT_SIZE / SECT_SIZE)
     6                              <1>         BOOT_END            equ     (BOOT_LOAD + BOOT_SIZE)
     7                              <1> 
     8                              <1>         E820_RECORD_SIZE    equ     20
     9                              <1> 
    10                              <1>         KERNEL_LOAD         equ     0x0010_1000
    11                              <1> 
    12                              <1>         KERNEL_SIZE         equ     (1024 * 8)
    13                              <1>         KERNEL_SECT         equ     (KERNEL_SIZE / SECT_SIZE)
     2                                  %include    "../include/macro.s"
     1                              <1> %macro  cdecl 1-*.nolist
     2                              <1> 
     3                              <1>     %rep  %0 -1
     4                              <1>         push    %{-1:-1}
     5                              <1>         %rotate -1
     6                              <1>     %endrep
     7                              <1>     %rotate -1
     8                              <1> 
     9                              <1>         call    %1
    10                              <1> 
    11                              <1>     %if  1 < %0
    12                              <1>         add     sp, (__BITS__ >> 3) * (%0 - 1)
    13                              <1>     %endif
    14                              <1> 
    15                              <1> %endmacro
    16                              <1> 
    17                              <1> struc drive
    18 00000000 <res 00000002>      <1>         .no     resw    1
    19 00000002 <res 00000002>      <1>         .cyln   resw    1
    20 00000004 <res 00000002>      <1>         .head   resw    1
    21 00000006 <res 00000002>      <1>         .sect   resw    1
    22                              <1> endstruc
     3                                  
     4                                          ORG     KERNEL_LOAD
     5                                  
     6                                  [BITS 32]
     7                                  
     8                                  kernel:
     9                                  
    10 00000000 BE007E0000                      mov     esi, BOOT_LOAD + SECT_SIZE
    11 00000005 0FB706                          movzx   eax, word [esi + 0]
    12 00000008 0FB75E02                        movzx   ebx, word [esi + 2]
    13 0000000C C1E004                          shl     eax, 4
    14 0000000F 01D8                            add     eax, ebx
    15 00000011 A3[5C000000]                    mov     [FONT_ADR], eax
    16                                  
    17 00000016 6A0D6A3FE88A010000-             cdecl   draw_font, 63, 13
    17 0000001F 6683C408           
    18 00000023 6A046A3FE80B020000-             cdecl   draw_color_bar, 63, 4
    18 0000002C 6683C408           
    19 00000030 68[49000000]680F01-             cdecl   draw_str, 25, 14, 0x010F, .s0
    19 00000038 00006A0E6A19E8AB01-
    19 00000041 00006683C410       
    20                                  
    21 00000047 EBFE                            jmp     $
    22                                  
    23 00000049 2048656C6C6F2C206B-     .s0 	db	" Hello, kernel! ", 0
    23 00000052 65726E656C212000   
    24                                  
    25 0000005A 00<rept>                ALIGN 4, db 0
    26 0000005C 00000000                FONT_ADR:   dd 0
    27                                  
    28                                  %include    "../modules/protect/vga.s"
     1                              <1> vga_set_read_plane:
     2                              <1> 
     3 00000060 55                  <1>         push    ebp
     4 00000061 89E5                <1>         mov     ebp, esp
     5                              <1> 
     6 00000063 50                  <1>         push    eax
     7 00000064 52                  <1>         push    edx
     8                              <1> 
     9 00000065 8A6508              <1>         mov     ah, [ebp + 8]
    10 00000068 80E403              <1>         and     ah, 0x03
    11 0000006B B004                <1>         mov     al, 0x04
    12 0000006D 66BACE03            <1>         mov     dx, 0x03CE
    13 00000071 66EF                <1>         out     dx, ax
    14                              <1> 
    15 00000073 5A                  <1>         pop     edx
    16 00000074 58                  <1>         pop     eax
    17                              <1> 
    18 00000075 89EC                <1>         mov     esp, ebp
    19 00000077 5D                  <1>         pop     ebp
    20                              <1> 
    21 00000078 C3                  <1>         ret
    22                              <1> 
    23                              <1> 
    24                              <1> vga_set_write_plane:
    25                              <1> 
    26 00000079 55                  <1>          push    ebp
    27 0000007A 89E5                <1>          mov     ebp, esp
    28                              <1>  
    29 0000007C 50                  <1>          push    eax
    30 0000007D 52                  <1>          push    edx
    31                              <1>  
    32 0000007E 8A6508              <1>          mov     ah, [ebp + 8]
    33 00000081 80E40F              <1>          and     ah, 0x0F
    34 00000084 B002                <1>          mov     al, 0x02
    35 00000086 66BAC403            <1>          mov     dx, 0x03C4
    36 0000008A 66EF                <1>          out     dx, ax
    37                              <1>  
    38 0000008C 5A                  <1>          pop     edx
    39 0000008D 58                  <1>          pop     eax
    40                              <1>  
    41 0000008E 89EC                <1>          mov     esp, ebp
    42 00000090 5D                  <1>          pop     ebp
    43                              <1>  
    44 00000091 C3                  <1>          ret
    45                              <1> 
    46                              <1> 
    47                              <1> vram_font_copy:
    48                              <1> 
    49 00000092 55                  <1>         push    ebp
    50 00000093 89E5                <1>         mov     ebp, esp
    51                              <1> 
    52 00000095 50                  <1>         push    eax
    53 00000096 53                  <1>         push    ebx
    54 00000097 51                  <1>         push    ecx
    55 00000098 52                  <1>         push    edx
    56 00000099 56                  <1>         push    esi
    57 0000009A 57                  <1>         push    edi
    58                              <1> 
    59 0000009B 8B7508              <1>         mov     esi, [ebp + 8]
    60 0000009E 8B7D0C              <1>         mov     edi, [ebp + 12]
    61 000000A1 0FB64510            <1>         movzx   eax, byte [ebp + 16]
    62 000000A5 0FB75D14            <1>         movzx   ebx, word [ebp + 20]
    63                              <1> 
    64 000000A9 84C7                <1>         test    bh, al
    65 000000AB 0F94C6              <1>         setz    dh
    66 000000AE FECE                <1>         dec     dh
    67                              <1> 
    68 000000B0 84C3                <1>         test    bl, al
    69 000000B2 0F94C2              <1>         setz    dl
    70 000000B5 FECA                <1>         dec     dl
    71                              <1> 
    72 000000B7 FC                  <1>         cld
    73                              <1> 
    74 000000B8 B910000000          <1>         mov     ecx, 16
    75                              <1> .10L:
    76                              <1> 
    77 000000BD AC                  <1>         lodsb
    78 000000BE 88C4                <1>         mov     ah, al
    79 000000C0 F6D4                <1>         not     ah
    80                              <1> 
    81 000000C2 20D0                <1>         and     al, dl
    82                              <1> 
    83 000000C4 F7C310000000        <1>         test    ebx, 0x0010
    84 000000CA 7404                <1>         jz      .11F
    85 000000CC 2227                <1>         and     ah, [edi]
    86 000000CE EB02                <1>         jmp     .11E
    87                              <1> .11F:
    88                              <1> 
    89 000000D0 20F4                <1>         and     ah, dh
    90                              <1> .11E:
    91                              <1> 
    92 000000D2 08E0                <1>         or      al, ah
    93                              <1> 
    94 000000D4 8807                <1>         mov     [edi], al
    95                              <1> 
    96 000000D6 83C750              <1>         add     edi, 80
    97 000000D9 E2E2                <1>         loop    .10L
    98                              <1> .10E:
    99                              <1> 
   100 000000DB 5F                  <1>         pop     edi
   101 000000DC 5E                  <1>         pop     esi
   102 000000DD 5A                  <1>         pop     edx
   103 000000DE 59                  <1>         pop     ecx
   104 000000DF 5B                  <1>         pop     ebx
   105 000000E0 58                  <1>         pop     eax
   106                              <1> 
   107 000000E1 89EC                <1>         mov     esp, ebp
   108 000000E3 5D                  <1>         pop     ebp
   109                              <1> 
   110 000000E4 C3                  <1>         ret
    29                                  %include    "../modules/protect/draw_char.s"
     1                              <1> draw_char:
     2                              <1> 
     3 000000E5 55                  <1>         push    ebp
     4 000000E6 89E5                <1>         mov     ebp, esp
     5                              <1> 
     6 000000E8 50                  <1>         push    eax
     7 000000E9 53                  <1>         push    ebx
     8 000000EA 51                  <1>         push    ecx
     9 000000EB 52                  <1>         push    edx
    10 000000EC 56                  <1>         push    esi
    11 000000ED 57                  <1>         push    edi
    12                              <1> 
    13 000000EE 0FB67514            <1>         movzx   esi, byte [ebp + 20]
    14 000000F2 C1E604              <1>         shl     esi, 4
    15 000000F5 0335[5C000000]      <1>         add     esi, [FONT_ADR]
    16                              <1> 
    17 000000FB 8B7D0C              <1>         mov     edi, [ebp + 12]
    18 000000FE C1E708              <1>         shl     edi, 8
    19 00000101 8DBCBF00000A00      <1>         lea     edi, [edi * 4 + edi + 0xA0000]
    20 00000108 037D08              <1>         add     edi, [ebp + 8]
    21                              <1> 
    22 0000010B 0FB75D10            <1>         movzx   ebx, word [ebp + 16]
    23                              <1> 
    24 0000010F 6A03E84AFFFFFF6683- <1>         cdecl   vga_set_read_plane, 0x03
    24 00000118 C404                <1>
    25 0000011A 6A08E858FFFFFF6683- <1>         cdecl   vga_set_write_plane, 0x08
    25 00000123 C404                <1>
    26 00000125 536A085756E863FFFF- <1>         cdecl   vram_font_copy, esi, edi, 0x08, ebx
    26 0000012E FF6683C410          <1>
    27                              <1> 
    28 00000133 6A02E826FFFFFF6683- <1>         cdecl   vga_set_read_plane, 0x02
    28 0000013C C404                <1>
    29 0000013E 6A04E834FFFFFF6683- <1>         cdecl   vga_set_write_plane, 0x04
    29 00000147 C404                <1>
    30 00000149 536A045756E83FFFFF- <1>         cdecl   vram_font_copy, esi, edi, 0x04, ebx
    30 00000152 FF6683C410          <1>
    31                              <1> 
    32 00000157 6A01E802FFFFFF6683- <1>         cdecl   vga_set_read_plane, 0x01
    32 00000160 C404                <1>
    33 00000162 6A02E810FFFFFF6683- <1>         cdecl   vga_set_write_plane, 0x02
    33 0000016B C404                <1>
    34 0000016D 536A025756E81BFFFF- <1>         cdecl   vram_font_copy, esi, edi, 0x02, ebx
    34 00000176 FF6683C410          <1>
    35                              <1> 
    36 0000017B 6A00E8DEFEFFFF6683- <1>         cdecl   vga_set_read_plane, 0x00
    36 00000184 C404                <1>
    37 00000186 6A01E8ECFEFFFF6683- <1>         cdecl   vga_set_write_plane, 0x01
    37 0000018F C404                <1>
    38 00000191 536A015756E8F7FEFF- <1>         cdecl   vram_font_copy, esi, edi, 0x01, ebx
    38 0000019A FF6683C410          <1>
    39                              <1> 
    40 0000019F 5F                  <1>         pop     edi
    41 000001A0 5E                  <1>         pop     esi
    42 000001A1 5A                  <1>         pop     edx
    43 000001A2 59                  <1>         pop     ecx
    44 000001A3 5B                  <1>         pop     ebx
    45 000001A4 58                  <1>         pop     eax
    46                              <1> 
    47 000001A5 89EC                <1>         mov     esp, ebp
    48 000001A7 5D                  <1>         pop     ebp
    49                              <1> 
    50 000001A8 C3                  <1>         ret
    30                                  %include    "../modules/protect/draw_font.s"
     1                              <1> draw_font:
     2                              <1> 
     3 000001A9 55                  <1>         push    ebp
     4 000001AA 89E5                <1>         mov     ebp, esp
     5                              <1> 
     6 000001AC 50                  <1>         push    eax
     7 000001AD 53                  <1>         push    ebx
     8 000001AE 51                  <1>         push    ecx
     9 000001AF 52                  <1>         push    edx
    10 000001B0 56                  <1>         push    esi
    11 000001B1 57                  <1>         push    edi
    12                              <1> 
    13 000001B2 8B7508              <1>         mov     esi, [ebp + 8]
    14 000001B5 8B7D0C              <1>         mov     edi, [ebp + 12]
    15                              <1> 
    16 000001B8 B900000000          <1>         mov     ecx, 0
    17 000001BD 81F900010000        <1> .10L:   cmp     ecx, 256
    18 000001C3 731F                <1>         jae     .10E
    19                              <1> 
    20 000001C5 89C8                <1>         mov     eax, ecx
    21 000001C7 83E00F              <1>         and     eax, 0x0F
    22 000001CA 01F0                <1>         add     eax, esi
    23                              <1> 
    24 000001CC 89CB                <1>         mov     ebx, ecx
    25 000001CE C1EB04              <1>         shr     ebx, 4
    26 000001D1 01FB                <1>         add     ebx, edi
    27                              <1> 
    28 000001D3 516A075350E808FFFF- <1>         cdecl   draw_char, eax, ebx, 0x07, ecx
    28 000001DC FF6683C410          <1>
    29                              <1> 
    30 000001E1 41                  <1>         inc     ecx
    31 000001E2 EBD9                <1>         jmp     .10L
    32                              <1> .10E:
    33                              <1> 
    34 000001E4 5F                  <1>         pop     edi
    35 000001E5 5E                  <1>         pop     esi
    36 000001E6 5A                  <1>         pop     edx
    37 000001E7 59                  <1>         pop     ecx
    38 000001E8 5B                  <1>         pop     ebx
    39 000001E9 58                  <1>         pop     eax
    40                              <1> 
    41 000001EA 89EC                <1>         mov     esp, ebp
    42 000001EC 5D                  <1>         pop     ebp
    43                              <1> 
    44 000001ED C3                  <1>         ret
    31                                  %include    "../modules/protect/draw_str.s"
     1                              <1> draw_str:
     2                              <1> 
     3 000001EE 55                  <1>         push    ebp
     4 000001EF 89E5                <1>         mov     ebp, esp
     5                              <1> 
     6 000001F1 50                  <1>         push    eax
     7 000001F2 53                  <1>         push    ebx
     8 000001F3 51                  <1>         push    ecx
     9 000001F4 52                  <1>         push    edx
    10 000001F5 56                  <1>         push    esi
    11                              <1> 
    12 000001F6 8B4D08              <1>         mov     ecx, [ebp + 8]
    13 000001F9 8B550C              <1>         mov     edx, [ebp + 12]
    14 000001FC 0FB75D10            <1>         movzx   ebx, word [ebp + 16]
    15 00000200 8B7514              <1>         mov     esi, [ebp + 20]
    16                              <1> 
    17 00000203 FC                  <1>         cld
    18                              <1> .10L:
    19                              <1> 
    20 00000204 AC                  <1>         lodsb
    21 00000205 3C00                <1>         cmp     al, 0
    22 00000207 7425                <1>         je      .10E
    23                              <1> 
    24 00000209 50535251E8D3FEFFFF- <1>         cdecl   draw_char, ecx, edx, ebx, eax
    24 00000212 6683C410            <1>
    25                              <1> 
    26 00000216 41                  <1>         inc     ecx
    27 00000217 83F950              <1>         cmp     ecx, 80
    28 0000021A 7C10                <1>         jl      .12E
    29 0000021C B900000000          <1>         mov     ecx, 0
    30 00000221 42                  <1>         inc     edx
    31 00000222 83FA1E              <1>         cmp     edx, 30
    32 00000225 7C05                <1>         jl      .12E
    33 00000227 BA00000000          <1>         mov     edx, 0
    34                              <1> 
    35                              <1> .12E:
    36 0000022C EBD6                <1>         jmp     .10L
    37                              <1> .10E:
    38                              <1> 
    39 0000022E 5E                  <1>         pop     esi
    40 0000022F 5A                  <1>         pop     edx
    41 00000230 59                  <1>         pop     ecx
    42 00000231 5B                  <1>         pop     ebx
    43 00000232 58                  <1>         pop     eax
    44                              <1> 
    45 00000233 89EC                <1>         mov     esp, ebp
    46 00000235 5D                  <1>         pop     ebp
    47                              <1> 
    48 00000236 C3                  <1>         ret
    32                                  %include    "../modules/protect/draw_color_bar.s"
     1                              <1> draw_color_bar:
     2                              <1> 
     3 00000237 55                  <1>         push    ebp
     4 00000238 89E5                <1>         mov     ebp, esp
     5                              <1> 
     6 0000023A 50                  <1>         push    eax
     7 0000023B 53                  <1>         push    ebx
     8 0000023C 51                  <1>         push    ecx
     9 0000023D 52                  <1>         push    edx
    10 0000023E 56                  <1>         push    esi
    11 0000023F 57                  <1>         push    edi
    12                              <1> 
    13 00000240 8B7508              <1>         mov     esi, [ebp + 8]
    14 00000243 8B7D0C              <1>         mov     edi, [ebp + 12]
    15                              <1> 
    16 00000246 B900000000          <1>         mov     ecx, 0
    17 0000024B 83F910              <1> .10L:   cmp     ecx, 16
    18 0000024E 732E                <1>         jae     .10E
    19                              <1> 
    20 00000250 89C8                <1>         mov     eax, ecx
    21 00000252 83E001              <1>         and     eax, 0x01
    22 00000255 C1E003              <1>         shl     eax, 3
    23 00000258 01F0                <1>         add     eax, esi
    24                              <1> 
    25 0000025A 89CB                <1>         mov     ebx, ecx
    26 0000025C D1EB                <1>         shr     ebx, 1
    27 0000025E 01FB                <1>         add     ebx, edi
    28                              <1> 
    29 00000260 89CA                <1>         mov     edx, ecx
    30 00000262 D1E2                <1>         shl     edx, 1
    31 00000264 8B92[92020000]      <1>         mov     edx, [.t0 + edx]
    32                              <1> 
    33 0000026A 68[88020000]525350- <1>         cdecl   draw_str, eax, ebx, edx, .s0
    33 00000272 E877FFFFFF6683C410  <1>
    34                              <1> 
    35 0000027B 41                  <1>         inc     ecx
    36 0000027C EBCD                <1>         jmp     .10L
    37                              <1> .10E:
    38                              <1> 
    39 0000027E 5F                  <1>         pop     edi
    40 0000027F 5E                  <1>         pop     esi
    41 00000280 5A                  <1>         pop     edx
    42 00000281 59                  <1>         pop     ecx
    43 00000282 5B                  <1>         pop     ebx
    44 00000283 58                  <1>         pop     eax
    45                              <1> 
    46 00000284 89EC                <1>         mov     esp, ebp
    47 00000286 5D                  <1>         pop     ebp
    48                              <1> 
    49 00000287 C3                  <1>         ret
    50                              <1> 
    51 00000288 202020202020202020- <1> .s0     db  '         ', 0
    51 00000291 00                  <1>
    52                              <1> 
    53 00000292 00000008            <1> .t0     dw  0x0000, 0x0800
    54 00000296 00010009            <1> 		dw	0x0100, 0x0900
    55 0000029A 0002000A            <1> 		dw	0x0200, 0x0A00
    56 0000029E 0003000B            <1> 		dw	0x0300, 0x0B00
    57 000002A2 0004000C            <1> 		dw	0x0400, 0x0C00
    58 000002A6 0005000D            <1> 		dw	0x0500, 0x0D00
    59 000002AA 0006000E            <1> 		dw	0x0600, 0x0E00
    60 000002AE 0007000F            <1> 		dw	0x0700, 0x0F00
    33                                  
    34 000002B2 00<rept>                        times KERNEL_SIZE -($ - $$) db 0
